2024-06-27 12:47:35 [[32minfo[39m]: Connecting to Sonic Odyssey
2024-06-27 12:47:35 [[32minfo[39m]: GET : https://odyssey-api.sonic.game/auth/sonic/challenge?wallet=krrF3aFEaxPpuSgghfvXFW4UM4LFuUetmCRnLqESepd
2024-06-27 12:47:35 [[32minfo[39m]: Request Header : {"Accept":"*/*","Accept-Language":"en-GB,en-US;q=0.9,en;q=0.8","Content-Type":"application/json","User-Agent":"Mozilla/5.0 (Linux; Android 10; VOG-L29) AppleWebKit/537.36 (KHTML, like Gecko) Chrome/125.0.6422.113 Mobile Safari/537.36 OPR/76.2.4027.73374"}
2024-06-27 12:47:35 [[32minfo[39m]: Request Body : null
2024-06-27 12:47:36 [[32minfo[39m]: Response : 200 OK
2024-06-27 12:47:36 [[32minfo[39m]: Response Data : {"code":0,"data":"Welcome to Sonic!\n\n\t\tClick \"Sign\" to sign in. No password needed!\n\t\tThis request will not trigger a blockchain transaction or cost any gas fees.\n\t\t\n\t\tYour authentication status will be reset after 24 hours.\n\t\t\n\t\tWallet address:\n\t\tkrrF3aFEaxPpuSgghfvXFW4UM4LFuUetmCRnLqESepd\n\t\t\n\t\tNonce:\n\t\t2QUxWiK73ngDGEnNNqa-V","status":"success","message":"success"}
2024-06-27 12:47:36 [[32minfo[39m]: POST : https://odyssey-api.sonic.game/auth/sonic/authorize
2024-06-27 12:47:36 [[32minfo[39m]: Request Header : {"Accept":"*/*","Accept-Language":"en-GB,en-US;q=0.9,en;q=0.8","Content-Type":"application/json","User-Agent":"Mozilla/5.0 (Linux; Android 10; VOG-L29) AppleWebKit/537.36 (KHTML, like Gecko) Chrome/125.0.6422.113 Mobile Safari/537.36 OPR/76.2.4027.73374"}
2024-06-27 12:47:36 [[32minfo[39m]: Request Body : {"address":"krrF3aFEaxPpuSgghfvXFW4UM4LFuUetmCRnLqESepd","address_encoded":"CzxW2DzzMXPIujpSYuu+0dSAs1uIFmZAISHM11Xds/Y=","signature":"4QEWSZ3hUXzNRHoCfvNZClSK5beI4I0bgGfUTZwq6F/b35swgVQEf5I6OYKIGxjaJzah+V3ldT2NiHtHPC+mCA=="}
2024-06-27 12:47:37 [[32minfo[39m]: Response : 200 OK
2024-06-27 12:47:37 [[32minfo[39m]: Response Data : {"code":0,"data":{"token":"eyJhbGciOiJIUzI1NiIsInR5cCI6IkpXVCJ9.eyJpZCI6MTM3ODAzLCJ3YWxsZXQiOiJrcnJGM2FGRWF4UHB1U2dnaGZ2WEZXNFVNNExGdVVldG1DUm5McUVTZXBkIiwiaW52aXRhdGlvbl9jb2RlIjoiZ1R6TWhrIiwiaWF0IjoxNzE5NDY3MjU3LCJleHAiOjE3MjcyNDMyNTcsImp0aSI6InNvbmljX2F1dGhfdXNlcl8xMzc4MDMifQ.beKwL-K9-9JTJuyH66Hdecj0p-on_6TIPrWO_YzYykU"},"status":"success","message":"success"}
2024-06-27 12:47:37 [[32minfo[39m]: Connected to Sonic Odyssey
2024-06-27 12:47:38 [[32minfo[39m]: GET : https://odyssey-api.sonic.game/user/transactions/state/daily
2024-06-27 12:47:38 [[32minfo[39m]: Request Header : {"Accept":"*/*","Accept-Language":"en-GB,en-US;q=0.9,en;q=0.8","Content-Type":"application/json","User-Agent":"Mozilla/5.0 (Linux; Android 10; VOG-L29) AppleWebKit/537.36 (KHTML, like Gecko) Chrome/125.0.6422.113 Mobile Safari/537.36 OPR/76.2.4027.73374","Authorization":"eyJhbGciOiJIUzI1NiIsInR5cCI6IkpXVCJ9.eyJpZCI6MTM3ODAzLCJ3YWxsZXQiOiJrcnJGM2FGRWF4UHB1U2dnaGZ2WEZXNFVNNExGdVVldG1DUm5McUVTZXBkIiwiaW52aXRhdGlvbl9jb2RlIjoiZ1R6TWhrIiwiaWF0IjoxNzE5NDY3MjU3LCJleHAiOjE3MjcyNDMyNTcsImp0aSI6InNvbmljX2F1dGhfdXNlcl8xMzc4MDMifQ.beKwL-K9-9JTJuyH66Hdecj0p-on_6TIPrWO_YzYykU"}
2024-06-27 12:47:38 [[32minfo[39m]: Request Body : null
2024-06-27 12:47:41 [[32minfo[39m]: Response : 200 OK
2024-06-27 12:47:41 [[32minfo[39m]: Response Data : {"code":0,"data":{"total_transactions":22,"stage_info":{"stage_1":{"claimed":true,"rewards":2,"quantity":10},"stage_2":{"claimed":false,"rewards":4,"quantity":50},"stage_3":{"claimed":false,"rewards":6,"quantity":100}}},"status":"success","message":"success"}
2024-06-27 12:47:41 [[32minfo[39m]: Try to Check-in
2024-06-27 12:47:41 [[32minfo[39m]: GET : https://odyssey-api.sonic.game/user/check-in/transaction
2024-06-27 12:47:41 [[32minfo[39m]: Request Header : {"Accept":"*/*","Accept-Language":"en-GB,en-US;q=0.9,en;q=0.8","Content-Type":"application/json","User-Agent":"Mozilla/5.0 (Linux; Android 10; VOG-L29) AppleWebKit/537.36 (KHTML, like Gecko) Chrome/125.0.6422.113 Mobile Safari/537.36 OPR/76.2.4027.73374","Authorization":"eyJhbGciOiJIUzI1NiIsInR5cCI6IkpXVCJ9.eyJpZCI6MTM3ODAzLCJ3YWxsZXQiOiJrcnJGM2FGRWF4UHB1U2dnaGZ2WEZXNFVNNExGdVVldG1DUm5McUVTZXBkIiwiaW52aXRhdGlvbl9jb2RlIjoiZ1R6TWhrIiwiaWF0IjoxNzE5NDY3MjU3LCJleHAiOjE3MjcyNDMyNTcsImp0aSI6InNvbmljX2F1dGhfdXNlcl8xMzc4MDMifQ.beKwL-K9-9JTJuyH66Hdecj0p-on_6TIPrWO_YzYykU"}
2024-06-27 12:47:41 [[32minfo[39m]: Request Body : null
2024-06-27 12:47:41 [[32minfo[39m]: Response : 400 Bad Request
2024-06-27 12:47:41 [[32minfo[39m]: Response Data : {"code":100013,"message":"current account already checked in","status":"fail","data":null}
2024-06-27 12:47:41 [[32minfo[39m]: Sending 0.0001 to krrF3aFEaxPpuSgghfvXFW4UM4LFuUetmCRnLqESepd
2024-06-27 12:47:41 [[32minfo[39m]: Execute Transaction {"recentBlockhash":null,"feePayer":null,"nonceInfo":null,"instructions":[{"keys":[{"pubkey":"krrF3aFEaxPpuSgghfvXFW4UM4LFuUetmCRnLqESepd","isSigner":true,"isWritable":true},{"pubkey":"krrF3aFEaxPpuSgghfvXFW4UM4LFuUetmCRnLqESepd","isSigner":false,"isWritable":true}],"programId":"11111111111111111111111111111111","data":[2,0,0,0,160,134,1,0,0,0,0,0]}],"signers":[]}
2024-06-27 12:47:43 [[32minfo[39m]: Tx Url: https://explorer.sonic.game/tx/5VLcJvjRKoNGRynQMxefoKJr9QLSMCTpEe74nrdkwX8Wc6MugTErzupQsuLFNEheat4Q2DPEgVA2eyv8LLiAegV2
2024-06-27 12:47:49 [[32minfo[39m]: Sending 0.0001 to krrF3aFEaxPpuSgghfvXFW4UM4LFuUetmCRnLqESepd
2024-06-27 12:47:49 [[32minfo[39m]: Execute Transaction {"recentBlockhash":null,"feePayer":null,"nonceInfo":null,"instructions":[{"keys":[{"pubkey":"krrF3aFEaxPpuSgghfvXFW4UM4LFuUetmCRnLqESepd","isSigner":true,"isWritable":true},{"pubkey":"krrF3aFEaxPpuSgghfvXFW4UM4LFuUetmCRnLqESepd","isSigner":false,"isWritable":true}],"programId":"11111111111111111111111111111111","data":[2,0,0,0,160,134,1,0,0,0,0,0]}],"signers":[]}
2024-06-27 12:47:51 [[32minfo[39m]: Tx Url: https://explorer.sonic.game/tx/3ShxVmxsVmLdab4eq9h8HZKfUuvwyzRZLLbnCrCLWLskDFqGBZFMBCPzbrTpkhFi4hDysbwSQyv4nZVDUo7z3qfB
2024-06-27 12:47:55 [[32minfo[39m]: Sending 0.0001 to krrF3aFEaxPpuSgghfvXFW4UM4LFuUetmCRnLqESepd
2024-06-27 12:47:55 [[32minfo[39m]: Execute Transaction {"recentBlockhash":null,"feePayer":null,"nonceInfo":null,"instructions":[{"keys":[{"pubkey":"krrF3aFEaxPpuSgghfvXFW4UM4LFuUetmCRnLqESepd","isSigner":true,"isWritable":true},{"pubkey":"krrF3aFEaxPpuSgghfvXFW4UM4LFuUetmCRnLqESepd","isSigner":false,"isWritable":true}],"programId":"11111111111111111111111111111111","data":[2,0,0,0,160,134,1,0,0,0,0,0]}],"signers":[]}
2024-06-27 12:47:57 [[32minfo[39m]: Tx Url: https://explorer.sonic.game/tx/5dypFAKhzt74exEU9X35JQVZXzwU68tjT1rQAX62JqBW5jipX2RTde2PrqkSv2G6oDu31RwvNgjXnLCb5isJdDrM
2024-06-27 12:48:01 [[32minfo[39m]: Connecting to Sonic Odyssey
2024-06-27 12:48:01 [[32minfo[39m]: GET : https://odyssey-api.sonic.game/auth/sonic/challenge?wallet=krrF3aFEaxPpuSgghfvXFW4UM4LFuUetmCRnLqESepd
2024-06-27 12:48:01 [[32minfo[39m]: Request Header : {"Accept":"*/*","Accept-Language":"en-GB,en-US;q=0.9,en;q=0.8","Content-Type":"application/json","User-Agent":"Mozilla/5.0 (Linux; Android 10; SM-G973F) AppleWebKit/537.36 (KHTML, like Gecko) Chrome/125.0.6422.113 Mobile Safari/537.36 EdgA/124.0.2478.104"}
2024-06-27 12:48:01 [[32minfo[39m]: Request Body : null
2024-06-27 12:48:02 [[32minfo[39m]: Response : 200 OK
2024-06-27 12:48:02 [[32minfo[39m]: Response Data : {"code":0,"data":"Welcome to Sonic!\n\n\t\tClick \"Sign\" to sign in. No password needed!\n\t\tThis request will not trigger a blockchain transaction or cost any gas fees.\n\t\t\n\t\tYour authentication status will be reset after 24 hours.\n\t\t\n\t\tWallet address:\n\t\tkrrF3aFEaxPpuSgghfvXFW4UM4LFuUetmCRnLqESepd\n\t\t\n\t\tNonce:\n\t\tckDMEt0oKnkePPL6pppRq","status":"success","message":"success"}
2024-06-27 12:48:02 [[32minfo[39m]: POST : https://odyssey-api.sonic.game/auth/sonic/authorize
2024-06-27 12:48:02 [[32minfo[39m]: Request Header : {"Accept":"*/*","Accept-Language":"en-GB,en-US;q=0.9,en;q=0.8","Content-Type":"application/json","User-Agent":"Mozilla/5.0 (Linux; Android 10; SM-G973F) AppleWebKit/537.36 (KHTML, like Gecko) Chrome/125.0.6422.113 Mobile Safari/537.36 EdgA/124.0.2478.104"}
2024-06-27 12:48:02 [[32minfo[39m]: Request Body : {"address":"krrF3aFEaxPpuSgghfvXFW4UM4LFuUetmCRnLqESepd","address_encoded":"CzxW2DzzMXPIujpSYuu+0dSAs1uIFmZAISHM11Xds/Y=","signature":"2kWATqUxBImRlr8EdflXWRvrIBXt9388Xw2/jRe91uYhlbbMVkJq03IYism6RLNf+qdqp2mLZ8F/ENYJos34AA=="}
2024-06-27 12:48:03 [[32minfo[39m]: Response : 200 OK
2024-06-27 12:48:03 [[32minfo[39m]: Response Data : {"code":0,"data":{"token":"eyJhbGciOiJIUzI1NiIsInR5cCI6IkpXVCJ9.eyJpZCI6MTM3ODAzLCJ3YWxsZXQiOiJrcnJGM2FGRWF4UHB1U2dnaGZ2WEZXNFVNNExGdVVldG1DUm5McUVTZXBkIiwiaW52aXRhdGlvbl9jb2RlIjoiZ1R6TWhrIiwiaWF0IjoxNzE5NDY3MjgyLCJleHAiOjE3MjcyNDMyODIsImp0aSI6InNvbmljX2F1dGhfdXNlcl8xMzc4MDMifQ.ISS4otjFYD_RFBJnzGXMCng_okNfeVes6xNTNw8x0Cw"},"status":"success","message":"success"}
2024-06-27 12:48:03 [[32minfo[39m]: Connected to Sonic Odyssey
2024-06-27 12:48:03 [[32minfo[39m]: GET : https://odyssey-api.sonic.game/user/transactions/state/daily
2024-06-27 12:48:03 [[32minfo[39m]: Request Header : {"Accept":"*/*","Accept-Language":"en-GB,en-US;q=0.9,en;q=0.8","Content-Type":"application/json","User-Agent":"Mozilla/5.0 (Linux; Android 10; SM-G973F) AppleWebKit/537.36 (KHTML, like Gecko) Chrome/125.0.6422.113 Mobile Safari/537.36 EdgA/124.0.2478.104","Authorization":"eyJhbGciOiJIUzI1NiIsInR5cCI6IkpXVCJ9.eyJpZCI6MTM3ODAzLCJ3YWxsZXQiOiJrcnJGM2FGRWF4UHB1U2dnaGZ2WEZXNFVNNExGdVVldG1DUm5McUVTZXBkIiwiaW52aXRhdGlvbl9jb2RlIjoiZ1R6TWhrIiwiaWF0IjoxNzE5NDY3MjgyLCJleHAiOjE3MjcyNDMyODIsImp0aSI6InNvbmljX2F1dGhfdXNlcl8xMzc4MDMifQ.ISS4otjFYD_RFBJnzGXMCng_okNfeVes6xNTNw8x0Cw"}
2024-06-27 12:48:03 [[32minfo[39m]: Request Body : null
2024-06-27 12:48:06 [[32minfo[39m]: Response : 200 OK
2024-06-27 12:48:06 [[32minfo[39m]: Response Data : {"code":0,"data":{"total_transactions":24,"stage_info":{"stage_1":{"claimed":true,"rewards":2,"quantity":10},"stage_2":{"claimed":false,"rewards":4,"quantity":50},"stage_3":{"claimed":false,"rewards":6,"quantity":100}}},"status":"success","message":"success"}
2024-06-27 12:48:06 [[32minfo[39m]: Try to Check-in
2024-06-27 12:48:06 [[32minfo[39m]: GET : https://odyssey-api.sonic.game/user/check-in/transaction
2024-06-27 12:48:06 [[32minfo[39m]: Request Header : {"Accept":"*/*","Accept-Language":"en-GB,en-US;q=0.9,en;q=0.8","Content-Type":"application/json","User-Agent":"Mozilla/5.0 (Linux; Android 10; SM-G973F) AppleWebKit/537.36 (KHTML, like Gecko) Chrome/125.0.6422.113 Mobile Safari/537.36 EdgA/124.0.2478.104","Authorization":"eyJhbGciOiJIUzI1NiIsInR5cCI6IkpXVCJ9.eyJpZCI6MTM3ODAzLCJ3YWxsZXQiOiJrcnJGM2FGRWF4UHB1U2dnaGZ2WEZXNFVNNExGdVVldG1DUm5McUVTZXBkIiwiaW52aXRhdGlvbl9jb2RlIjoiZ1R6TWhrIiwiaWF0IjoxNzE5NDY3MjgyLCJleHAiOjE3MjcyNDMyODIsImp0aSI6InNvbmljX2F1dGhfdXNlcl8xMzc4MDMifQ.ISS4otjFYD_RFBJnzGXMCng_okNfeVes6xNTNw8x0Cw"}
2024-06-27 12:48:06 [[32minfo[39m]: Request Body : null
2024-06-27 12:48:06 [[32minfo[39m]: Response : 400 Bad Request
2024-06-27 12:48:06 [[32minfo[39m]: Response Data : {"code":100013,"message":"current account already checked in","status":"fail","data":null}
2024-06-27 12:48:06 [[32minfo[39m]: Sending 0.0001 to krrF3aFEaxPpuSgghfvXFW4UM4LFuUetmCRnLqESepd
2024-06-27 12:48:06 [[32minfo[39m]: Execute Transaction {"recentBlockhash":null,"feePayer":null,"nonceInfo":null,"instructions":[{"keys":[{"pubkey":"krrF3aFEaxPpuSgghfvXFW4UM4LFuUetmCRnLqESepd","isSigner":true,"isWritable":true},{"pubkey":"krrF3aFEaxPpuSgghfvXFW4UM4LFuUetmCRnLqESepd","isSigner":false,"isWritable":true}],"programId":"11111111111111111111111111111111","data":[2,0,0,0,160,134,1,0,0,0,0,0]}],"signers":[]}
2024-06-27 12:48:08 [[32minfo[39m]: Tx Url: https://explorer.sonic.game/tx/4o9f8cY1WQd3zDJaBRVj8aBicSyAKhCdtwkm75hsA4JPiM5qbSoAzXXgtLXJg8Lz7cg8fBjFSxsc45kwNYW32Rqg
2024-06-27 12:48:11 [[32minfo[39m]: Sending 0.0001 to krrF3aFEaxPpuSgghfvXFW4UM4LFuUetmCRnLqESepd
2024-06-27 12:48:11 [[32minfo[39m]: Execute Transaction {"recentBlockhash":null,"feePayer":null,"nonceInfo":null,"instructions":[{"keys":[{"pubkey":"krrF3aFEaxPpuSgghfvXFW4UM4LFuUetmCRnLqESepd","isSigner":true,"isWritable":true},{"pubkey":"krrF3aFEaxPpuSgghfvXFW4UM4LFuUetmCRnLqESepd","isSigner":false,"isWritable":true}],"programId":"11111111111111111111111111111111","data":[2,0,0,0,160,134,1,0,0,0,0,0]}],"signers":[]}
2024-06-27 12:48:13 [[32minfo[39m]: Tx Url: https://explorer.sonic.game/tx/3dYvPJQp1CpR2c5bp4kqwwbym3Bi6tERPBtJRARCQezn8KtaawYhZDjfJYBp9sVF3243NaQpF9z5epeFWePsHLdH
2024-06-27 12:48:17 [[32minfo[39m]: Sending 0.0001 to krrF3aFEaxPpuSgghfvXFW4UM4LFuUetmCRnLqESepd
2024-06-27 12:48:17 [[32minfo[39m]: Execute Transaction {"recentBlockhash":null,"feePayer":null,"nonceInfo":null,"instructions":[{"keys":[{"pubkey":"krrF3aFEaxPpuSgghfvXFW4UM4LFuUetmCRnLqESepd","isSigner":true,"isWritable":true},{"pubkey":"krrF3aFEaxPpuSgghfvXFW4UM4LFuUetmCRnLqESepd","isSigner":false,"isWritable":true}],"programId":"11111111111111111111111111111111","data":[2,0,0,0,160,134,1,0,0,0,0,0]}],"signers":[]}
2024-06-27 12:48:18 [[32minfo[39m]: Tx Url: https://explorer.sonic.game/tx/3iqYdFNygkSAeQYb3vXz1HYCucVWUXED5CLNhNRZeWmRpUXFU22qXv6AW3QGCcKM9qydAcKajyPtMH5fkow5hr4q
2024-06-27 12:48:21 [[32minfo[39m]: Sending 0.0001 to krrF3aFEaxPpuSgghfvXFW4UM4LFuUetmCRnLqESepd
2024-06-27 12:48:21 [[32minfo[39m]: Execute Transaction {"recentBlockhash":null,"feePayer":null,"nonceInfo":null,"instructions":[{"keys":[{"pubkey":"krrF3aFEaxPpuSgghfvXFW4UM4LFuUetmCRnLqESepd","isSigner":true,"isWritable":true},{"pubkey":"krrF3aFEaxPpuSgghfvXFW4UM4LFuUetmCRnLqESepd","isSigner":false,"isWritable":true}],"programId":"11111111111111111111111111111111","data":[2,0,0,0,160,134,1,0,0,0,0,0]}],"signers":[]}
2024-06-27 12:48:23 [[32minfo[39m]: Tx Url: https://explorer.sonic.game/tx/juB13Gm9bKPpyzTT494xv9kF3A3emb531qyFGBeYCXYU8vDE7JTgjAVZDsxK8JfqU6zQuWoDMfTh3Ypjcbd51KE
2024-06-27 12:48:28 [[32minfo[39m]: Sending 0.0001 to krrF3aFEaxPpuSgghfvXFW4UM4LFuUetmCRnLqESepd
2024-06-27 12:48:28 [[32minfo[39m]: Execute Transaction {"recentBlockhash":null,"feePayer":null,"nonceInfo":null,"instructions":[{"keys":[{"pubkey":"krrF3aFEaxPpuSgghfvXFW4UM4LFuUetmCRnLqESepd","isSigner":true,"isWritable":true},{"pubkey":"krrF3aFEaxPpuSgghfvXFW4UM4LFuUetmCRnLqESepd","isSigner":false,"isWritable":true}],"programId":"11111111111111111111111111111111","data":[2,0,0,0,160,134,1,0,0,0,0,0]}],"signers":[]}
2024-06-27 12:48:29 [[32minfo[39m]: Tx Url: https://explorer.sonic.game/tx/2hEcyrQVfuPmFPZc4aCnh5HSt6dBeZ2yeWcfMvJVkkramY8FD57FkLyE7LLVm2jAwCnSvAFChFJL2rrMKgNTzPaF
2024-06-27 12:48:34 [[32minfo[39m]: Sending 0.0001 to krrF3aFEaxPpuSgghfvXFW4UM4LFuUetmCRnLqESepd
2024-06-27 12:48:34 [[32minfo[39m]: Execute Transaction {"recentBlockhash":null,"feePayer":null,"nonceInfo":null,"instructions":[{"keys":[{"pubkey":"krrF3aFEaxPpuSgghfvXFW4UM4LFuUetmCRnLqESepd","isSigner":true,"isWritable":true},{"pubkey":"krrF3aFEaxPpuSgghfvXFW4UM4LFuUetmCRnLqESepd","isSigner":false,"isWritable":true}],"programId":"11111111111111111111111111111111","data":[2,0,0,0,160,134,1,0,0,0,0,0]}],"signers":[]}
2024-06-27 12:48:36 [[32minfo[39m]: Tx Url: https://explorer.sonic.game/tx/5stsxEUZYFirpDrm12bPTQZXkERPS48wjYLueLDEpYxNSLTU9Y2yZvJwbcdibSZcDw66pTL6ySApFtDsp23wK2HU
2024-06-27 12:48:40 [[32minfo[39m]: Sending 0.0001 to krrF3aFEaxPpuSgghfvXFW4UM4LFuUetmCRnLqESepd
2024-06-27 12:48:40 [[32minfo[39m]: Execute Transaction {"recentBlockhash":null,"feePayer":null,"nonceInfo":null,"instructions":[{"keys":[{"pubkey":"krrF3aFEaxPpuSgghfvXFW4UM4LFuUetmCRnLqESepd","isSigner":true,"isWritable":true},{"pubkey":"krrF3aFEaxPpuSgghfvXFW4UM4LFuUetmCRnLqESepd","isSigner":false,"isWritable":true}],"programId":"11111111111111111111111111111111","data":[2,0,0,0,160,134,1,0,0,0,0,0]}],"signers":[]}
2024-06-27 12:48:42 [[32minfo[39m]: Tx Url: https://explorer.sonic.game/tx/DxAvf5uMHjty8P76pfZct6tz1rUKo9sDjG78VnT56NmKfTJdyqKZvmRiiLJY9uEXfWVoDfVrzwPQaq8fq5KQUv7
2024-06-27 12:48:45 [[32minfo[39m]: Sending 0.0001 to krrF3aFEaxPpuSgghfvXFW4UM4LFuUetmCRnLqESepd
2024-06-27 12:48:45 [[32minfo[39m]: Execute Transaction {"recentBlockhash":null,"feePayer":null,"nonceInfo":null,"instructions":[{"keys":[{"pubkey":"krrF3aFEaxPpuSgghfvXFW4UM4LFuUetmCRnLqESepd","isSigner":true,"isWritable":true},{"pubkey":"krrF3aFEaxPpuSgghfvXFW4UM4LFuUetmCRnLqESepd","isSigner":false,"isWritable":true}],"programId":"11111111111111111111111111111111","data":[2,0,0,0,160,134,1,0,0,0,0,0]}],"signers":[]}
2024-06-27 12:48:47 [[32minfo[39m]: Tx Url: https://explorer.sonic.game/tx/3uiZazHmz9XCdBrC1VZhTad74vsWhXQqJtcuiuw3XkWSDa29KNsnozKhMwXbAh1A7j965k8C86Vp9Q7QYqigR3sV
2024-06-27 12:48:51 [[32minfo[39m]: Sending 0.0001 to krrF3aFEaxPpuSgghfvXFW4UM4LFuUetmCRnLqESepd
2024-06-27 12:48:51 [[32minfo[39m]: Execute Transaction {"recentBlockhash":null,"feePayer":null,"nonceInfo":null,"instructions":[{"keys":[{"pubkey":"krrF3aFEaxPpuSgghfvXFW4UM4LFuUetmCRnLqESepd","isSigner":true,"isWritable":true},{"pubkey":"krrF3aFEaxPpuSgghfvXFW4UM4LFuUetmCRnLqESepd","isSigner":false,"isWritable":true}],"programId":"11111111111111111111111111111111","data":[2,0,0,0,160,134,1,0,0,0,0,0]}],"signers":[]}
2024-06-27 12:48:53 [[32minfo[39m]: Tx Url: https://explorer.sonic.game/tx/4sZ747mKeuWhpYj8KQLdAcX3k6PPn8hRF8tsx8D54pH6XmpUdohx9K2fzeBSggTBWCK1mgjvqa4J6SiGpPF9vvPH
2024-06-27 12:48:55 [[32minfo[39m]: Sending 0.0001 to krrF3aFEaxPpuSgghfvXFW4UM4LFuUetmCRnLqESepd
2024-06-27 12:48:55 [[32minfo[39m]: Execute Transaction {"recentBlockhash":null,"feePayer":null,"nonceInfo":null,"instructions":[{"keys":[{"pubkey":"krrF3aFEaxPpuSgghfvXFW4UM4LFuUetmCRnLqESepd","isSigner":true,"isWritable":true},{"pubkey":"krrF3aFEaxPpuSgghfvXFW4UM4LFuUetmCRnLqESepd","isSigner":false,"isWritable":true}],"programId":"11111111111111111111111111111111","data":[2,0,0,0,160,134,1,0,0,0,0,0]}],"signers":[]}
2024-06-27 12:48:57 [[32minfo[39m]: Tx Url: https://explorer.sonic.game/tx/5uUDYbTFm5ab5pZw4A1kLfn58F6aeVg4WqLuJa2Wi2DbvSZeg4xW2uTcuTMFSPxns74ja4h6XiTVJMmq8BKX9a5N
2024-06-27 12:49:02 [[32minfo[39m]: Sending 0.0001 to krrF3aFEaxPpuSgghfvXFW4UM4LFuUetmCRnLqESepd
2024-06-27 12:49:02 [[32minfo[39m]: Execute Transaction {"recentBlockhash":null,"feePayer":null,"nonceInfo":null,"instructions":[{"keys":[{"pubkey":"krrF3aFEaxPpuSgghfvXFW4UM4LFuUetmCRnLqESepd","isSigner":true,"isWritable":true},{"pubkey":"krrF3aFEaxPpuSgghfvXFW4UM4LFuUetmCRnLqESepd","isSigner":false,"isWritable":true}],"programId":"11111111111111111111111111111111","data":[2,0,0,0,160,134,1,0,0,0,0,0]}],"signers":[]}
2024-06-27 12:49:04 [[32minfo[39m]: Tx Url: https://explorer.sonic.game/tx/4zCH6nG5SgyXCxmZ6BcLCE26rFMSbHptRyU8cEGa7BWocHiZnR8FKaX8fAkf8t7vqrmEL9BXUmU4FN48DvkyVGJE
2024-06-27 12:49:08 [[32minfo[39m]: Sending 0.0001 to krrF3aFEaxPpuSgghfvXFW4UM4LFuUetmCRnLqESepd
2024-06-27 12:49:08 [[32minfo[39m]: Execute Transaction {"recentBlockhash":null,"feePayer":null,"nonceInfo":null,"instructions":[{"keys":[{"pubkey":"krrF3aFEaxPpuSgghfvXFW4UM4LFuUetmCRnLqESepd","isSigner":true,"isWritable":true},{"pubkey":"krrF3aFEaxPpuSgghfvXFW4UM4LFuUetmCRnLqESepd","isSigner":false,"isWritable":true}],"programId":"11111111111111111111111111111111","data":[2,0,0,0,160,134,1,0,0,0,0,0]}],"signers":[]}
2024-06-27 12:49:10 [[32minfo[39m]: Tx Url: https://explorer.sonic.game/tx/34i2V1HGf4VWTMTHtLNU71ZqjrKgdPfxRkoMXS95kg6NPdBsd4MvEiKmQPpAtmUPr5SNyCvmRrV3DZunju7W2HJu
2024-06-27 12:49:15 [[32minfo[39m]: Sending 0.0001 to krrF3aFEaxPpuSgghfvXFW4UM4LFuUetmCRnLqESepd
2024-06-27 12:49:15 [[32minfo[39m]: Execute Transaction {"recentBlockhash":null,"feePayer":null,"nonceInfo":null,"instructions":[{"keys":[{"pubkey":"krrF3aFEaxPpuSgghfvXFW4UM4LFuUetmCRnLqESepd","isSigner":true,"isWritable":true},{"pubkey":"krrF3aFEaxPpuSgghfvXFW4UM4LFuUetmCRnLqESepd","isSigner":false,"isWritable":true}],"programId":"11111111111111111111111111111111","data":[2,0,0,0,160,134,1,0,0,0,0,0]}],"signers":[]}
2024-06-27 12:49:17 [[32minfo[39m]: Tx Url: https://explorer.sonic.game/tx/4mci6Fp9qimaZSFzYuL1jxiaUX6EXZXpBNFPSqZuMCuJX4seNmQsSwV7amxnagLnhjmTNmjFWv8ad9U1zvvP6bvs
2024-06-27 12:49:19 [[32minfo[39m]: Sending 0.0001 to krrF3aFEaxPpuSgghfvXFW4UM4LFuUetmCRnLqESepd
2024-06-27 12:49:19 [[32minfo[39m]: Execute Transaction {"recentBlockhash":null,"feePayer":null,"nonceInfo":null,"instructions":[{"keys":[{"pubkey":"krrF3aFEaxPpuSgghfvXFW4UM4LFuUetmCRnLqESepd","isSigner":true,"isWritable":true},{"pubkey":"krrF3aFEaxPpuSgghfvXFW4UM4LFuUetmCRnLqESepd","isSigner":false,"isWritable":true}],"programId":"11111111111111111111111111111111","data":[2,0,0,0,160,134,1,0,0,0,0,0]}],"signers":[]}
2024-06-27 12:49:22 [[32minfo[39m]: Tx Url: https://explorer.sonic.game/tx/51i96wR5qUhWsT2wnDkXJBqfn3takqrAnHWn4vVgfQRmL5VvuE8w42KeQK4MiSfezWsGyrTEhCtSZuZcNq46DJmP
2024-06-27 12:49:24 [[32minfo[39m]: Sending 0.0001 to krrF3aFEaxPpuSgghfvXFW4UM4LFuUetmCRnLqESepd
2024-06-27 12:49:24 [[32minfo[39m]: Execute Transaction {"recentBlockhash":null,"feePayer":null,"nonceInfo":null,"instructions":[{"keys":[{"pubkey":"krrF3aFEaxPpuSgghfvXFW4UM4LFuUetmCRnLqESepd","isSigner":true,"isWritable":true},{"pubkey":"krrF3aFEaxPpuSgghfvXFW4UM4LFuUetmCRnLqESepd","isSigner":false,"isWritable":true}],"programId":"11111111111111111111111111111111","data":[2,0,0,0,160,134,1,0,0,0,0,0]}],"signers":[]}
2024-06-27 12:49:26 [[32minfo[39m]: Tx Url: https://explorer.sonic.game/tx/5yTu4jhiENSsDY1G5srNm7m58RGVvyJkpVgZ2HomgU4g1XnbECn4GVbEQx2WBmSiZLingQMUk2DPKaVAnwMzbnLA
2024-06-27 12:49:29 [[32minfo[39m]: Sending 0.0001 to krrF3aFEaxPpuSgghfvXFW4UM4LFuUetmCRnLqESepd
2024-06-27 12:49:29 [[32minfo[39m]: Execute Transaction {"recentBlockhash":null,"feePayer":null,"nonceInfo":null,"instructions":[{"keys":[{"pubkey":"krrF3aFEaxPpuSgghfvXFW4UM4LFuUetmCRnLqESepd","isSigner":true,"isWritable":true},{"pubkey":"krrF3aFEaxPpuSgghfvXFW4UM4LFuUetmCRnLqESepd","isSigner":false,"isWritable":true}],"programId":"11111111111111111111111111111111","data":[2,0,0,0,160,134,1,0,0,0,0,0]}],"signers":[]}
2024-06-27 12:49:31 [[32minfo[39m]: Tx Url: https://explorer.sonic.game/tx/51PnqmTbPddEojSSQbc4nEN25kdPm3FTqxSnaxo4Dy9ZDJwZAAJ7MqPK4BsrtWgSFdcBe2hNALCteWPnp48agJ4h
2024-06-27 12:49:36 [[32minfo[39m]: Sending 0.0001 to krrF3aFEaxPpuSgghfvXFW4UM4LFuUetmCRnLqESepd
2024-06-27 12:49:36 [[32minfo[39m]: Execute Transaction {"recentBlockhash":null,"feePayer":null,"nonceInfo":null,"instructions":[{"keys":[{"pubkey":"krrF3aFEaxPpuSgghfvXFW4UM4LFuUetmCRnLqESepd","isSigner":true,"isWritable":true},{"pubkey":"krrF3aFEaxPpuSgghfvXFW4UM4LFuUetmCRnLqESepd","isSigner":false,"isWritable":true}],"programId":"11111111111111111111111111111111","data":[2,0,0,0,160,134,1,0,0,0,0,0]}],"signers":[]}
2024-06-27 12:49:37 [[32minfo[39m]: Tx Url: https://explorer.sonic.game/tx/WB1iKEzsTcxLqFY6VeokF9uC2j9wDKWzJfyDRBS5mVjiidfB8WZs5MA3UCfCKcvEnA1A7qcaf4TkbXb3FCGqnXL
2024-06-27 12:49:41 [[32minfo[39m]: Sending 0.0001 to krrF3aFEaxPpuSgghfvXFW4UM4LFuUetmCRnLqESepd
2024-06-27 12:49:41 [[32minfo[39m]: Execute Transaction {"recentBlockhash":null,"feePayer":null,"nonceInfo":null,"instructions":[{"keys":[{"pubkey":"krrF3aFEaxPpuSgghfvXFW4UM4LFuUetmCRnLqESepd","isSigner":true,"isWritable":true},{"pubkey":"krrF3aFEaxPpuSgghfvXFW4UM4LFuUetmCRnLqESepd","isSigner":false,"isWritable":true}],"programId":"11111111111111111111111111111111","data":[2,0,0,0,160,134,1,0,0,0,0,0]}],"signers":[]}
2024-06-27 12:49:43 [[32minfo[39m]: Tx Url: https://explorer.sonic.game/tx/HLYX9NytdLtJJ42EGcKPgb4JWESD7kaCfRHz6TbD1XEv7PZy4tE9pUNFkLf6egFt96yB4nxnnPzKsJsvhvAC6sX
2024-06-27 12:49:48 [[32minfo[39m]: Sending 0.0001 to krrF3aFEaxPpuSgghfvXFW4UM4LFuUetmCRnLqESepd
2024-06-27 12:49:48 [[32minfo[39m]: Execute Transaction {"recentBlockhash":null,"feePayer":null,"nonceInfo":null,"instructions":[{"keys":[{"pubkey":"krrF3aFEaxPpuSgghfvXFW4UM4LFuUetmCRnLqESepd","isSigner":true,"isWritable":true},{"pubkey":"krrF3aFEaxPpuSgghfvXFW4UM4LFuUetmCRnLqESepd","isSigner":false,"isWritable":true}],"programId":"11111111111111111111111111111111","data":[2,0,0,0,160,134,1,0,0,0,0,0]}],"signers":[]}
2024-06-27 12:49:51 [[32minfo[39m]: Tx Url: https://explorer.sonic.game/tx/5p7orde4JbSEbQSSabBYHxfff8ggnXr21vfdv8FjusK77tdsohaVQDoQ7zzPqknHHnBD6YzeWjbT5eiqoarpy9dt
2024-06-27 12:49:56 [[32minfo[39m]: Sending 0.0001 to krrF3aFEaxPpuSgghfvXFW4UM4LFuUetmCRnLqESepd
2024-06-27 12:49:56 [[32minfo[39m]: Execute Transaction {"recentBlockhash":null,"feePayer":null,"nonceInfo":null,"instructions":[{"keys":[{"pubkey":"krrF3aFEaxPpuSgghfvXFW4UM4LFuUetmCRnLqESepd","isSigner":true,"isWritable":true},{"pubkey":"krrF3aFEaxPpuSgghfvXFW4UM4LFuUetmCRnLqESepd","isSigner":false,"isWritable":true}],"programId":"11111111111111111111111111111111","data":[2,0,0,0,160,134,1,0,0,0,0,0]}],"signers":[]}
2024-06-27 12:49:57 [[32minfo[39m]: Tx Url: https://explorer.sonic.game/tx/4KUVMhXn25ZAwdgLx2dsnMUk6s8MjLdpMRTw9qTYqDjspV7Mb7E4aMikvcRZ8UCQq61ehXNCRkxaZtaPZn48CiXt
2024-06-27 12:50:02 [[32minfo[39m]: Sending 0.0001 to krrF3aFEaxPpuSgghfvXFW4UM4LFuUetmCRnLqESepd
2024-06-27 12:50:02 [[32minfo[39m]: Execute Transaction {"recentBlockhash":null,"feePayer":null,"nonceInfo":null,"instructions":[{"keys":[{"pubkey":"krrF3aFEaxPpuSgghfvXFW4UM4LFuUetmCRnLqESepd","isSigner":true,"isWritable":true},{"pubkey":"krrF3aFEaxPpuSgghfvXFW4UM4LFuUetmCRnLqESepd","isSigner":false,"isWritable":true}],"programId":"11111111111111111111111111111111","data":[2,0,0,0,160,134,1,0,0,0,0,0]}],"signers":[]}
2024-06-27 12:50:04 [[32minfo[39m]: Tx Url: https://explorer.sonic.game/tx/RWQMhvNbgt3u2PgRbpvdZqktRazTBixacLgKG89EmVx4iWfm3bBY4MRAfFRmAVqrztZMEYAWbRxWkpf5b6e3WfX
2024-06-27 12:50:09 [[32minfo[39m]: Sending 0.0001 to krrF3aFEaxPpuSgghfvXFW4UM4LFuUetmCRnLqESepd
2024-06-27 12:50:09 [[32minfo[39m]: Execute Transaction {"recentBlockhash":null,"feePayer":null,"nonceInfo":null,"instructions":[{"keys":[{"pubkey":"krrF3aFEaxPpuSgghfvXFW4UM4LFuUetmCRnLqESepd","isSigner":true,"isWritable":true},{"pubkey":"krrF3aFEaxPpuSgghfvXFW4UM4LFuUetmCRnLqESepd","isSigner":false,"isWritable":true}],"programId":"11111111111111111111111111111111","data":[2,0,0,0,160,134,1,0,0,0,0,0]}],"signers":[]}
2024-06-27 12:50:11 [[32minfo[39m]: Tx Url: https://explorer.sonic.game/tx/v9a57NPQYBtpKp2beqhoTM5VvJc9tJtjU8NV4SScq7W4Hof1pVNq3PzKfsRtFgvw8Ye3uW7KDzBcfiiu76TZ2fG
2024-06-27 12:50:16 [[32minfo[39m]: Sending 0.0001 to krrF3aFEaxPpuSgghfvXFW4UM4LFuUetmCRnLqESepd
2024-06-27 12:50:16 [[32minfo[39m]: Execute Transaction {"recentBlockhash":null,"feePayer":null,"nonceInfo":null,"instructions":[{"keys":[{"pubkey":"krrF3aFEaxPpuSgghfvXFW4UM4LFuUetmCRnLqESepd","isSigner":true,"isWritable":true},{"pubkey":"krrF3aFEaxPpuSgghfvXFW4UM4LFuUetmCRnLqESepd","isSigner":false,"isWritable":true}],"programId":"11111111111111111111111111111111","data":[2,0,0,0,160,134,1,0,0,0,0,0]}],"signers":[]}
2024-06-27 12:50:18 [[32minfo[39m]: Tx Url: https://explorer.sonic.game/tx/4FzN2iQfQQveCEWJsqtYAGRUKhLcAVA51A78n4sq1K1UYSWMWGBL1LFuYjJ4CMkhYv1XD1NHN47ojAiLZaLnGDYJ
2024-06-27 12:50:21 [[32minfo[39m]: Sending 0.0001 to krrF3aFEaxPpuSgghfvXFW4UM4LFuUetmCRnLqESepd
2024-06-27 12:50:21 [[32minfo[39m]: Execute Transaction {"recentBlockhash":null,"feePayer":null,"nonceInfo":null,"instructions":[{"keys":[{"pubkey":"krrF3aFEaxPpuSgghfvXFW4UM4LFuUetmCRnLqESepd","isSigner":true,"isWritable":true},{"pubkey":"krrF3aFEaxPpuSgghfvXFW4UM4LFuUetmCRnLqESepd","isSigner":false,"isWritable":true}],"programId":"11111111111111111111111111111111","data":[2,0,0,0,160,134,1,0,0,0,0,0]}],"signers":[]}
2024-06-27 12:50:23 [[32minfo[39m]: Tx Url: https://explorer.sonic.game/tx/2gGjWEFEaRN9xtzKsT2ZVCUyXNAmngjsn1nudb4dUxHcnf76bQuUXvvjsPEz7VbUtCDKkzPi6mVNP9PtvYd1BB2L
2024-06-27 12:50:28 [[32minfo[39m]: Sending 0.0001 to krrF3aFEaxPpuSgghfvXFW4UM4LFuUetmCRnLqESepd
2024-06-27 12:50:28 [[32minfo[39m]: Execute Transaction {"recentBlockhash":null,"feePayer":null,"nonceInfo":null,"instructions":[{"keys":[{"pubkey":"krrF3aFEaxPpuSgghfvXFW4UM4LFuUetmCRnLqESepd","isSigner":true,"isWritable":true},{"pubkey":"krrF3aFEaxPpuSgghfvXFW4UM4LFuUetmCRnLqESepd","isSigner":false,"isWritable":true}],"programId":"11111111111111111111111111111111","data":[2,0,0,0,160,134,1,0,0,0,0,0]}],"signers":[]}
2024-06-27 12:50:29 [[32minfo[39m]: Tx Url: https://explorer.sonic.game/tx/34CCBkhoSWF5jGUb1DefEe4T2uQA81MJjdtSdh4AASH6kpBKk6bcPPz9pgGjDpDn2u1zKXgY8sLxhS9G644mJ5kx
2024-06-27 12:50:35 [[32minfo[39m]: Sending 0.0001 to krrF3aFEaxPpuSgghfvXFW4UM4LFuUetmCRnLqESepd
2024-06-27 12:50:35 [[32minfo[39m]: Execute Transaction {"recentBlockhash":null,"feePayer":null,"nonceInfo":null,"instructions":[{"keys":[{"pubkey":"krrF3aFEaxPpuSgghfvXFW4UM4LFuUetmCRnLqESepd","isSigner":true,"isWritable":true},{"pubkey":"krrF3aFEaxPpuSgghfvXFW4UM4LFuUetmCRnLqESepd","isSigner":false,"isWritable":true}],"programId":"11111111111111111111111111111111","data":[2,0,0,0,160,134,1,0,0,0,0,0]}],"signers":[]}
2024-06-27 12:50:37 [[32minfo[39m]: Tx Url: https://explorer.sonic.game/tx/3mnoeaVqJff3GJ1q7fxMkADKZWe9uHRfLN1epYzw6m67EYzbjtBq7WMhSrDvYFcj8g42pnoQtgXM6pRdcCwQghyr
2024-06-27 12:50:41 [[32minfo[39m]: Sending 0.0001 to krrF3aFEaxPpuSgghfvXFW4UM4LFuUetmCRnLqESepd
2024-06-27 12:50:41 [[32minfo[39m]: Execute Transaction {"recentBlockhash":null,"feePayer":null,"nonceInfo":null,"instructions":[{"keys":[{"pubkey":"krrF3aFEaxPpuSgghfvXFW4UM4LFuUetmCRnLqESepd","isSigner":true,"isWritable":true},{"pubkey":"krrF3aFEaxPpuSgghfvXFW4UM4LFuUetmCRnLqESepd","isSigner":false,"isWritable":true}],"programId":"11111111111111111111111111111111","data":[2,0,0,0,160,134,1,0,0,0,0,0]}],"signers":[]}
2024-06-27 12:50:43 [[32minfo[39m]: Tx Url: https://explorer.sonic.game/tx/39qG2CDiycT4fMowC91m6SQpRFhHWHQ2AZDVxX147RoXyjrhrjxJPq4awrES2x9NrZBYsxqzxB1ij7tjPNaTEyGt
2024-06-27 12:50:46 [[32minfo[39m]: Sending 0.0001 to krrF3aFEaxPpuSgghfvXFW4UM4LFuUetmCRnLqESepd
2024-06-27 12:50:46 [[32minfo[39m]: Execute Transaction {"recentBlockhash":null,"feePayer":null,"nonceInfo":null,"instructions":[{"keys":[{"pubkey":"krrF3aFEaxPpuSgghfvXFW4UM4LFuUetmCRnLqESepd","isSigner":true,"isWritable":true},{"pubkey":"krrF3aFEaxPpuSgghfvXFW4UM4LFuUetmCRnLqESepd","isSigner":false,"isWritable":true}],"programId":"11111111111111111111111111111111","data":[2,0,0,0,160,134,1,0,0,0,0,0]}],"signers":[]}
2024-06-27 12:50:48 [[32minfo[39m]: Tx Url: https://explorer.sonic.game/tx/2WAodJJqbzMx4WpsR5XYZLh8H1mF5cEwiJvWDnDkDp9mHJ4qLzfP6VvvQyDRqQyYumhg9YRfugADbdNcgH4t6PxV
2024-06-27 12:50:53 [[32minfo[39m]: Sending 0.0001 to krrF3aFEaxPpuSgghfvXFW4UM4LFuUetmCRnLqESepd
2024-06-27 12:50:53 [[32minfo[39m]: Execute Transaction {"recentBlockhash":null,"feePayer":null,"nonceInfo":null,"instructions":[{"keys":[{"pubkey":"krrF3aFEaxPpuSgghfvXFW4UM4LFuUetmCRnLqESepd","isSigner":true,"isWritable":true},{"pubkey":"krrF3aFEaxPpuSgghfvXFW4UM4LFuUetmCRnLqESepd","isSigner":false,"isWritable":true}],"programId":"11111111111111111111111111111111","data":[2,0,0,0,160,134,1,0,0,0,0,0]}],"signers":[]}
2024-06-27 12:50:55 [[32minfo[39m]: Tx Url: https://explorer.sonic.game/tx/2Zj1eBzThRJt4KC69xBKq8eY1AR47ugpyv6C5m8FAyStMMuowKPvEvNxywi53e9jcV4wMrs5G6oN1KuD6uSx2Jbs
2024-06-27 12:51:00 [[32minfo[39m]: Sending 0.0001 to krrF3aFEaxPpuSgghfvXFW4UM4LFuUetmCRnLqESepd
2024-06-27 12:51:00 [[32minfo[39m]: Execute Transaction {"recentBlockhash":null,"feePayer":null,"nonceInfo":null,"instructions":[{"keys":[{"pubkey":"krrF3aFEaxPpuSgghfvXFW4UM4LFuUetmCRnLqESepd","isSigner":true,"isWritable":true},{"pubkey":"krrF3aFEaxPpuSgghfvXFW4UM4LFuUetmCRnLqESepd","isSigner":false,"isWritable":true}],"programId":"11111111111111111111111111111111","data":[2,0,0,0,160,134,1,0,0,0,0,0]}],"signers":[]}
2024-06-27 12:51:02 [[32minfo[39m]: Tx Url: https://explorer.sonic.game/tx/jPxDzUB4X1nv7JyNHMcERT9C9mWhaQuwqzrjwTeH8Bge2dioD3nupmqyqVXWKk61vr1422LQeaJMx3Tse1JoenX
2024-06-27 12:51:05 [[32minfo[39m]: Sending 0.0001 to krrF3aFEaxPpuSgghfvXFW4UM4LFuUetmCRnLqESepd
2024-06-27 12:51:05 [[32minfo[39m]: Execute Transaction {"recentBlockhash":null,"feePayer":null,"nonceInfo":null,"instructions":[{"keys":[{"pubkey":"krrF3aFEaxPpuSgghfvXFW4UM4LFuUetmCRnLqESepd","isSigner":true,"isWritable":true},{"pubkey":"krrF3aFEaxPpuSgghfvXFW4UM4LFuUetmCRnLqESepd","isSigner":false,"isWritable":true}],"programId":"11111111111111111111111111111111","data":[2,0,0,0,160,134,1,0,0,0,0,0]}],"signers":[]}
2024-06-27 12:51:07 [[32minfo[39m]: Tx Url: https://explorer.sonic.game/tx/5jDPXvV3xzEA7ERyNgcCJvbPKWhKbX5M3t1qVsuUcL8mGLFSyperCb43nUzmv1UArWstBUkimV8m5CsmAogLX5Q7
2024-06-27 12:51:10 [[32minfo[39m]: Sending 0.0001 to krrF3aFEaxPpuSgghfvXFW4UM4LFuUetmCRnLqESepd
2024-06-27 12:51:10 [[32minfo[39m]: Execute Transaction {"recentBlockhash":null,"feePayer":null,"nonceInfo":null,"instructions":[{"keys":[{"pubkey":"krrF3aFEaxPpuSgghfvXFW4UM4LFuUetmCRnLqESepd","isSigner":true,"isWritable":true},{"pubkey":"krrF3aFEaxPpuSgghfvXFW4UM4LFuUetmCRnLqESepd","isSigner":false,"isWritable":true}],"programId":"11111111111111111111111111111111","data":[2,0,0,0,160,134,1,0,0,0,0,0]}],"signers":[]}
2024-06-27 12:51:12 [[32minfo[39m]: Tx Url: https://explorer.sonic.game/tx/4uugZTuPJ7nGDcRQq4KQBVT45wzd6xQ7ZuyK9j97MFBVgCkidrp1Eu4Z9oeovLNdoQu7V9RW1hE7V2Hfzc7gzeLt
2024-06-27 12:51:15 [[32minfo[39m]: Sending 0.0001 to krrF3aFEaxPpuSgghfvXFW4UM4LFuUetmCRnLqESepd
2024-06-27 12:51:15 [[32minfo[39m]: Execute Transaction {"recentBlockhash":null,"feePayer":null,"nonceInfo":null,"instructions":[{"keys":[{"pubkey":"krrF3aFEaxPpuSgghfvXFW4UM4LFuUetmCRnLqESepd","isSigner":true,"isWritable":true},{"pubkey":"krrF3aFEaxPpuSgghfvXFW4UM4LFuUetmCRnLqESepd","isSigner":false,"isWritable":true}],"programId":"11111111111111111111111111111111","data":[2,0,0,0,160,134,1,0,0,0,0,0]}],"signers":[]}
2024-06-27 12:51:17 [[32minfo[39m]: Tx Url: https://explorer.sonic.game/tx/4LqTRxNZgAVwNFrM8nf9zJqK41VRMW1KuAJhcAmH1L7rVPZVWPytn51Ks3rKoBTFfN3rFMCSs6qjmLB3NLvRSdPq
2024-06-27 12:51:20 [[32minfo[39m]: Sending 0.0001 to krrF3aFEaxPpuSgghfvXFW4UM4LFuUetmCRnLqESepd
2024-06-27 12:51:20 [[32minfo[39m]: Execute Transaction {"recentBlockhash":null,"feePayer":null,"nonceInfo":null,"instructions":[{"keys":[{"pubkey":"krrF3aFEaxPpuSgghfvXFW4UM4LFuUetmCRnLqESepd","isSigner":true,"isWritable":true},{"pubkey":"krrF3aFEaxPpuSgghfvXFW4UM4LFuUetmCRnLqESepd","isSigner":false,"isWritable":true}],"programId":"11111111111111111111111111111111","data":[2,0,0,0,160,134,1,0,0,0,0,0]}],"signers":[]}
2024-06-27 12:51:22 [[32minfo[39m]: Tx Url: https://explorer.sonic.game/tx/4i9MBBgmEu9yX8eMZgcn5272GPJ386dvB1hBg7MjS7MKMcexmCz6aBKz1S3qh3urZ8exfSvE3SjETumn6tdCW99Y
2024-06-27 12:51:25 [[32minfo[39m]: Sending 0.0001 to krrF3aFEaxPpuSgghfvXFW4UM4LFuUetmCRnLqESepd
2024-06-27 12:51:25 [[32minfo[39m]: Execute Transaction {"recentBlockhash":null,"feePayer":null,"nonceInfo":null,"instructions":[{"keys":[{"pubkey":"krrF3aFEaxPpuSgghfvXFW4UM4LFuUetmCRnLqESepd","isSigner":true,"isWritable":true},{"pubkey":"krrF3aFEaxPpuSgghfvXFW4UM4LFuUetmCRnLqESepd","isSigner":false,"isWritable":true}],"programId":"11111111111111111111111111111111","data":[2,0,0,0,160,134,1,0,0,0,0,0]}],"signers":[]}
2024-06-27 12:51:27 [[32minfo[39m]: Tx Url: https://explorer.sonic.game/tx/3zurBmUBaiDcKpjF44MVQp4tyaxTZUZyDXMNL9rpZoSLHGrCHAhvnub4by2J73AnTj48y6wj36Cg7i4ktVekiXPY
2024-06-27 12:51:31 [[32minfo[39m]: Sending 0.0001 to krrF3aFEaxPpuSgghfvXFW4UM4LFuUetmCRnLqESepd
2024-06-27 12:51:31 [[32minfo[39m]: Execute Transaction {"recentBlockhash":null,"feePayer":null,"nonceInfo":null,"instructions":[{"keys":[{"pubkey":"krrF3aFEaxPpuSgghfvXFW4UM4LFuUetmCRnLqESepd","isSigner":true,"isWritable":true},{"pubkey":"krrF3aFEaxPpuSgghfvXFW4UM4LFuUetmCRnLqESepd","isSigner":false,"isWritable":true}],"programId":"11111111111111111111111111111111","data":[2,0,0,0,160,134,1,0,0,0,0,0]}],"signers":[]}
2024-06-27 12:51:33 [[32minfo[39m]: Tx Url: https://explorer.sonic.game/tx/3QnVmRKaeCLWPowdaBv9UuWbn6XZW4bhAuU1rfHXy6LVw7ZfFsCPWypU6XwsN2FhQiPv5G3fxJgZRCQoYfaxJQ1P
2024-06-27 12:51:35 [[32minfo[39m]: Sending 0.0001 to krrF3aFEaxPpuSgghfvXFW4UM4LFuUetmCRnLqESepd
2024-06-27 12:51:35 [[32minfo[39m]: Execute Transaction {"recentBlockhash":null,"feePayer":null,"nonceInfo":null,"instructions":[{"keys":[{"pubkey":"krrF3aFEaxPpuSgghfvXFW4UM4LFuUetmCRnLqESepd","isSigner":true,"isWritable":true},{"pubkey":"krrF3aFEaxPpuSgghfvXFW4UM4LFuUetmCRnLqESepd","isSigner":false,"isWritable":true}],"programId":"11111111111111111111111111111111","data":[2,0,0,0,160,134,1,0,0,0,0,0]}],"signers":[]}
2024-06-27 12:51:37 [[32minfo[39m]: Tx Url: https://explorer.sonic.game/tx/2QAfmkwrR7WYRzFMnBbN6Tggtms8qY9eAqczy8vRVE7UWmBrUBrGZANyWP873WQmAnFy1cmKHd6fLGPxhqqYwrN3
2024-06-27 12:51:42 [[32minfo[39m]: Sending 0.0001 to krrF3aFEaxPpuSgghfvXFW4UM4LFuUetmCRnLqESepd
2024-06-27 12:51:42 [[32minfo[39m]: Execute Transaction {"recentBlockhash":null,"feePayer":null,"nonceInfo":null,"instructions":[{"keys":[{"pubkey":"krrF3aFEaxPpuSgghfvXFW4UM4LFuUetmCRnLqESepd","isSigner":true,"isWritable":true},{"pubkey":"krrF3aFEaxPpuSgghfvXFW4UM4LFuUetmCRnLqESepd","isSigner":false,"isWritable":true}],"programId":"11111111111111111111111111111111","data":[2,0,0,0,160,134,1,0,0,0,0,0]}],"signers":[]}
2024-06-27 12:51:43 [[32minfo[39m]: Tx Url: https://explorer.sonic.game/tx/4zoskwXkXn7MYN97V68waiGm8agkcXvw7KCgbLqS6thFqrk8HNoRMkYJfarAwYKJ3465PUG7RrSseiy9tKidks2s
2024-06-27 12:51:46 [[32minfo[39m]: Sending 0.0001 to krrF3aFEaxPpuSgghfvXFW4UM4LFuUetmCRnLqESepd
2024-06-27 12:51:46 [[32minfo[39m]: Execute Transaction {"recentBlockhash":null,"feePayer":null,"nonceInfo":null,"instructions":[{"keys":[{"pubkey":"krrF3aFEaxPpuSgghfvXFW4UM4LFuUetmCRnLqESepd","isSigner":true,"isWritable":true},{"pubkey":"krrF3aFEaxPpuSgghfvXFW4UM4LFuUetmCRnLqESepd","isSigner":false,"isWritable":true}],"programId":"11111111111111111111111111111111","data":[2,0,0,0,160,134,1,0,0,0,0,0]}],"signers":[]}
2024-06-27 12:51:48 [[32minfo[39m]: Tx Url: https://explorer.sonic.game/tx/4geZVbFd4Eo1r9FEZSBgXadSzPwQQSszLXCgL1bNqn1G9GwyXzsyeMx5ofwdatfpYVS7pV9XpG2a2L8zicJuxxCG
2024-06-27 12:51:52 [[32minfo[39m]: Sending 0.0001 to krrF3aFEaxPpuSgghfvXFW4UM4LFuUetmCRnLqESepd
2024-06-27 12:51:52 [[32minfo[39m]: Execute Transaction {"recentBlockhash":null,"feePayer":null,"nonceInfo":null,"instructions":[{"keys":[{"pubkey":"krrF3aFEaxPpuSgghfvXFW4UM4LFuUetmCRnLqESepd","isSigner":true,"isWritable":true},{"pubkey":"krrF3aFEaxPpuSgghfvXFW4UM4LFuUetmCRnLqESepd","isSigner":false,"isWritable":true}],"programId":"11111111111111111111111111111111","data":[2,0,0,0,160,134,1,0,0,0,0,0]}],"signers":[]}
2024-06-27 12:51:53 [[32minfo[39m]: Tx Url: https://explorer.sonic.game/tx/5ZyPGPTp3oKAcPMxiTVUkEfExifPcqru2VKUjx7p2LnRJvANuQq9mDWF3gVgXjUxM2nQ11h9UEto2MWXJK1ubE3q
2024-06-27 12:51:58 [[32minfo[39m]: Sending 0.0001 to krrF3aFEaxPpuSgghfvXFW4UM4LFuUetmCRnLqESepd
2024-06-27 12:51:58 [[32minfo[39m]: Execute Transaction {"recentBlockhash":null,"feePayer":null,"nonceInfo":null,"instructions":[{"keys":[{"pubkey":"krrF3aFEaxPpuSgghfvXFW4UM4LFuUetmCRnLqESepd","isSigner":true,"isWritable":true},{"pubkey":"krrF3aFEaxPpuSgghfvXFW4UM4LFuUetmCRnLqESepd","isSigner":false,"isWritable":true}],"programId":"11111111111111111111111111111111","data":[2,0,0,0,160,134,1,0,0,0,0,0]}],"signers":[]}
2024-06-27 12:52:00 [[32minfo[39m]: Tx Url: https://explorer.sonic.game/tx/3ytpbqfkp9GAHJv31YKHAM9gSG1qwerUsa2wMvsruw9SvqZL7tobei7v1VoFRa1n9EB74z2iev3MvK8v9DHgCCBP
2024-06-27 12:52:04 [[32minfo[39m]: Sending 0.0001 to krrF3aFEaxPpuSgghfvXFW4UM4LFuUetmCRnLqESepd
2024-06-27 12:52:04 [[32minfo[39m]: Execute Transaction {"recentBlockhash":null,"feePayer":null,"nonceInfo":null,"instructions":[{"keys":[{"pubkey":"krrF3aFEaxPpuSgghfvXFW4UM4LFuUetmCRnLqESepd","isSigner":true,"isWritable":true},{"pubkey":"krrF3aFEaxPpuSgghfvXFW4UM4LFuUetmCRnLqESepd","isSigner":false,"isWritable":true}],"programId":"11111111111111111111111111111111","data":[2,0,0,0,160,134,1,0,0,0,0,0]}],"signers":[]}
2024-06-27 12:52:06 [[32minfo[39m]: Tx Url: https://explorer.sonic.game/tx/5yDzijGrgqKhcyVJc3HcDJeuqLyW6c3Z3e1E4iHJtLPQTDmsD6iPAzLYBsqgmQjhndQqdGh2mZZV1sP73xB8zrHn
2024-06-27 12:52:09 [[32minfo[39m]: Sending 0.0001 to krrF3aFEaxPpuSgghfvXFW4UM4LFuUetmCRnLqESepd
2024-06-27 12:52:09 [[32minfo[39m]: Execute Transaction {"recentBlockhash":null,"feePayer":null,"nonceInfo":null,"instructions":[{"keys":[{"pubkey":"krrF3aFEaxPpuSgghfvXFW4UM4LFuUetmCRnLqESepd","isSigner":true,"isWritable":true},{"pubkey":"krrF3aFEaxPpuSgghfvXFW4UM4LFuUetmCRnLqESepd","isSigner":false,"isWritable":true}],"programId":"11111111111111111111111111111111","data":[2,0,0,0,160,134,1,0,0,0,0,0]}],"signers":[]}
2024-06-27 12:52:11 [[32minfo[39m]: Tx Url: https://explorer.sonic.game/tx/3L4WvrhdsTKbbWAPunZ4EMVPtXwaJSutssikZvmgrs9RwCrBx86ER1zP5LWSdzncqYTstyVGvo6X6sXfeufrjqG9
2024-06-27 12:52:15 [[32minfo[39m]: Sending 0.0001 to krrF3aFEaxPpuSgghfvXFW4UM4LFuUetmCRnLqESepd
2024-06-27 12:52:15 [[32minfo[39m]: Execute Transaction {"recentBlockhash":null,"feePayer":null,"nonceInfo":null,"instructions":[{"keys":[{"pubkey":"krrF3aFEaxPpuSgghfvXFW4UM4LFuUetmCRnLqESepd","isSigner":true,"isWritable":true},{"pubkey":"krrF3aFEaxPpuSgghfvXFW4UM4LFuUetmCRnLqESepd","isSigner":false,"isWritable":true}],"programId":"11111111111111111111111111111111","data":[2,0,0,0,160,134,1,0,0,0,0,0]}],"signers":[]}
2024-06-27 12:52:17 [[32minfo[39m]: Tx Url: https://explorer.sonic.game/tx/3wUPqEidWGkiCmqz3mcU9Rb1QzWqbx4ZkkEybC9DjArBgnKbzKGcTrq6vSf6H8AWaDmqfFsdq81LU5qETvwLDGuS
2024-06-27 12:52:22 [[32minfo[39m]: Sending 0.0001 to krrF3aFEaxPpuSgghfvXFW4UM4LFuUetmCRnLqESepd
2024-06-27 12:52:22 [[32minfo[39m]: Execute Transaction {"recentBlockhash":null,"feePayer":null,"nonceInfo":null,"instructions":[{"keys":[{"pubkey":"krrF3aFEaxPpuSgghfvXFW4UM4LFuUetmCRnLqESepd","isSigner":true,"isWritable":true},{"pubkey":"krrF3aFEaxPpuSgghfvXFW4UM4LFuUetmCRnLqESepd","isSigner":false,"isWritable":true}],"programId":"11111111111111111111111111111111","data":[2,0,0,0,160,134,1,0,0,0,0,0]}],"signers":[]}
2024-06-27 12:52:24 [[32minfo[39m]: Tx Url: https://explorer.sonic.game/tx/pTTfjRNGBCduk51CFAYbMZYVCy4dPHajbjQjxzH1nQoYZ1VgJKSCad8QkvEtbi6icGiR6gMCn6m6rzaJ6ir5skw
2024-06-27 12:52:29 [[32minfo[39m]: Sending 0.0001 to krrF3aFEaxPpuSgghfvXFW4UM4LFuUetmCRnLqESepd
2024-06-27 12:52:29 [[32minfo[39m]: Execute Transaction {"recentBlockhash":null,"feePayer":null,"nonceInfo":null,"instructions":[{"keys":[{"pubkey":"krrF3aFEaxPpuSgghfvXFW4UM4LFuUetmCRnLqESepd","isSigner":true,"isWritable":true},{"pubkey":"krrF3aFEaxPpuSgghfvXFW4UM4LFuUetmCRnLqESepd","isSigner":false,"isWritable":true}],"programId":"11111111111111111111111111111111","data":[2,0,0,0,160,134,1,0,0,0,0,0]}],"signers":[]}
2024-06-27 12:52:31 [[32minfo[39m]: Tx Url: https://explorer.sonic.game/tx/3hUEAuHAm7hNoXQGhPDpMnvdLvhd9oyXg3Biyb2XYXjBv1hyPpRqwyJh5R1NHX9Avu3b16LmxvNKngV2MkpvPfpi
2024-06-27 12:52:34 [[32minfo[39m]: Sending 0.0001 to krrF3aFEaxPpuSgghfvXFW4UM4LFuUetmCRnLqESepd
2024-06-27 12:52:34 [[32minfo[39m]: Execute Transaction {"recentBlockhash":null,"feePayer":null,"nonceInfo":null,"instructions":[{"keys":[{"pubkey":"krrF3aFEaxPpuSgghfvXFW4UM4LFuUetmCRnLqESepd","isSigner":true,"isWritable":true},{"pubkey":"krrF3aFEaxPpuSgghfvXFW4UM4LFuUetmCRnLqESepd","isSigner":false,"isWritable":true}],"programId":"11111111111111111111111111111111","data":[2,0,0,0,160,134,1,0,0,0,0,0]}],"signers":[]}
2024-06-27 12:52:35 [[32minfo[39m]: Tx Url: https://explorer.sonic.game/tx/3NSHieVZRZBGMwx6VYEVLPqXMvA3PmNnmJ15gHZW9cvg13zWPCtfph3ZoYc5DnpAyb8d3AqovXsaddFE92QaeSY5
2024-06-27 12:52:38 [[32minfo[39m]: Sending 0.0001 to krrF3aFEaxPpuSgghfvXFW4UM4LFuUetmCRnLqESepd
2024-06-27 12:52:38 [[32minfo[39m]: Execute Transaction {"recentBlockhash":null,"feePayer":null,"nonceInfo":null,"instructions":[{"keys":[{"pubkey":"krrF3aFEaxPpuSgghfvXFW4UM4LFuUetmCRnLqESepd","isSigner":true,"isWritable":true},{"pubkey":"krrF3aFEaxPpuSgghfvXFW4UM4LFuUetmCRnLqESepd","isSigner":false,"isWritable":true}],"programId":"11111111111111111111111111111111","data":[2,0,0,0,160,134,1,0,0,0,0,0]}],"signers":[]}
2024-06-27 12:52:40 [[32minfo[39m]: Tx Url: https://explorer.sonic.game/tx/5hbRkwqGmNRkqa9UqFisMXzgTtAQcEjr5gk5f3erDXKhUNUKJjLT6suyyKnvb1tYTDLqasAMxmFwer3EL4EXd9cN
2024-06-27 12:52:44 [[32minfo[39m]: Sending 0.0001 to krrF3aFEaxPpuSgghfvXFW4UM4LFuUetmCRnLqESepd
2024-06-27 12:52:44 [[32minfo[39m]: Execute Transaction {"recentBlockhash":null,"feePayer":null,"nonceInfo":null,"instructions":[{"keys":[{"pubkey":"krrF3aFEaxPpuSgghfvXFW4UM4LFuUetmCRnLqESepd","isSigner":true,"isWritable":true},{"pubkey":"krrF3aFEaxPpuSgghfvXFW4UM4LFuUetmCRnLqESepd","isSigner":false,"isWritable":true}],"programId":"11111111111111111111111111111111","data":[2,0,0,0,160,134,1,0,0,0,0,0]}],"signers":[]}
2024-06-27 12:52:46 [[32minfo[39m]: Tx Url: https://explorer.sonic.game/tx/5VMEVbu8xjpMmSarhr7qCu68wkz8eTmc2zhSpLKVLMBTPk4u3qs8eAx166jYHKSSYvz1iucHneMpW2SCdhYpyrAA
2024-06-27 12:52:51 [[32minfo[39m]: Sending 0.0001 to krrF3aFEaxPpuSgghfvXFW4UM4LFuUetmCRnLqESepd
2024-06-27 12:52:51 [[32minfo[39m]: Execute Transaction {"recentBlockhash":null,"feePayer":null,"nonceInfo":null,"instructions":[{"keys":[{"pubkey":"krrF3aFEaxPpuSgghfvXFW4UM4LFuUetmCRnLqESepd","isSigner":true,"isWritable":true},{"pubkey":"krrF3aFEaxPpuSgghfvXFW4UM4LFuUetmCRnLqESepd","isSigner":false,"isWritable":true}],"programId":"11111111111111111111111111111111","data":[2,0,0,0,160,134,1,0,0,0,0,0]}],"signers":[]}
2024-06-27 12:52:52 [[32minfo[39m]: Tx Url: https://explorer.sonic.game/tx/3i3qnLvhbK46bJxo4Gm7dfV8TQ2bLPHyYpdEfTX8rKQi4PrEYee49MibavoPqZVwZqXbpZqGaLJsJrsu5ZmePWWT
2024-06-27 12:52:56 [[32minfo[39m]: Sending 0.0001 to krrF3aFEaxPpuSgghfvXFW4UM4LFuUetmCRnLqESepd
2024-06-27 12:52:56 [[32minfo[39m]: Execute Transaction {"recentBlockhash":null,"feePayer":null,"nonceInfo":null,"instructions":[{"keys":[{"pubkey":"krrF3aFEaxPpuSgghfvXFW4UM4LFuUetmCRnLqESepd","isSigner":true,"isWritable":true},{"pubkey":"krrF3aFEaxPpuSgghfvXFW4UM4LFuUetmCRnLqESepd","isSigner":false,"isWritable":true}],"programId":"11111111111111111111111111111111","data":[2,0,0,0,160,134,1,0,0,0,0,0]}],"signers":[]}
2024-06-27 12:52:57 [[32minfo[39m]: Tx Url: https://explorer.sonic.game/tx/3adCL6MtxSuKXd5Zv5tgXfVYRJQd8vjsQW9BfJnC1BZMTqcHWLazDLbpxZbugqeFhTv2GRgpKjDmJ5yyTjsvmE6c
2024-06-27 12:53:02 [[32minfo[39m]: Sending 0.0001 to krrF3aFEaxPpuSgghfvXFW4UM4LFuUetmCRnLqESepd
2024-06-27 12:53:02 [[32minfo[39m]: Execute Transaction {"recentBlockhash":null,"feePayer":null,"nonceInfo":null,"instructions":[{"keys":[{"pubkey":"krrF3aFEaxPpuSgghfvXFW4UM4LFuUetmCRnLqESepd","isSigner":true,"isWritable":true},{"pubkey":"krrF3aFEaxPpuSgghfvXFW4UM4LFuUetmCRnLqESepd","isSigner":false,"isWritable":true}],"programId":"11111111111111111111111111111111","data":[2,0,0,0,160,134,1,0,0,0,0,0]}],"signers":[]}
2024-06-27 12:53:03 [[32minfo[39m]: Tx Url: https://explorer.sonic.game/tx/3BE9HKoL42Cvqrnnfv11cJ36gJVoAxUMWrZMhL72n6dQ3sfsRVJ4y7x2S1iNZLKk9QRp4R4KZB6jehFydQD4mQ3D
2024-06-27 12:53:07 [[32minfo[39m]: Sending 0.0001 to krrF3aFEaxPpuSgghfvXFW4UM4LFuUetmCRnLqESepd
2024-06-27 12:53:07 [[32minfo[39m]: Execute Transaction {"recentBlockhash":null,"feePayer":null,"nonceInfo":null,"instructions":[{"keys":[{"pubkey":"krrF3aFEaxPpuSgghfvXFW4UM4LFuUetmCRnLqESepd","isSigner":true,"isWritable":true},{"pubkey":"krrF3aFEaxPpuSgghfvXFW4UM4LFuUetmCRnLqESepd","isSigner":false,"isWritable":true}],"programId":"11111111111111111111111111111111","data":[2,0,0,0,160,134,1,0,0,0,0,0]}],"signers":[]}
2024-06-27 12:53:09 [[32minfo[39m]: Tx Url: https://explorer.sonic.game/tx/5iEjZKase1AVojS22XfQqNaQsfk9eZMAThXVb4C3aVtV3hZrMgyGUkGfewTaoJZPQzYiyZoWMECAWGiSGbvXGdWH
2024-06-27 12:53:13 [[32minfo[39m]: Sending 0.0001 to krrF3aFEaxPpuSgghfvXFW4UM4LFuUetmCRnLqESepd
2024-06-27 12:53:13 [[32minfo[39m]: Execute Transaction {"recentBlockhash":null,"feePayer":null,"nonceInfo":null,"instructions":[{"keys":[{"pubkey":"krrF3aFEaxPpuSgghfvXFW4UM4LFuUetmCRnLqESepd","isSigner":true,"isWritable":true},{"pubkey":"krrF3aFEaxPpuSgghfvXFW4UM4LFuUetmCRnLqESepd","isSigner":false,"isWritable":true}],"programId":"11111111111111111111111111111111","data":[2,0,0,0,160,134,1,0,0,0,0,0]}],"signers":[]}
2024-06-27 12:53:15 [[32minfo[39m]: Tx Url: https://explorer.sonic.game/tx/4VFPcVjN1Wo3Do5vdpcmB8MZWMgqDDNs1DX8yoGWpNpaMxbfdwkqdJ6VUWE94e6SGmr17E8sK5DTFqCAhCYkRRcp
2024-06-27 12:53:19 [[32minfo[39m]: Sending 0.0001 to krrF3aFEaxPpuSgghfvXFW4UM4LFuUetmCRnLqESepd
2024-06-27 12:53:19 [[32minfo[39m]: Execute Transaction {"recentBlockhash":null,"feePayer":null,"nonceInfo":null,"instructions":[{"keys":[{"pubkey":"krrF3aFEaxPpuSgghfvXFW4UM4LFuUetmCRnLqESepd","isSigner":true,"isWritable":true},{"pubkey":"krrF3aFEaxPpuSgghfvXFW4UM4LFuUetmCRnLqESepd","isSigner":false,"isWritable":true}],"programId":"11111111111111111111111111111111","data":[2,0,0,0,160,134,1,0,0,0,0,0]}],"signers":[]}
2024-06-27 12:53:21 [[32minfo[39m]: Tx Url: https://explorer.sonic.game/tx/2diXbJCZGWsXZ7SUme8YwPAvJZcF9g5zadxm8GaDaKANuoFWqtrM39ZwwgcE9WZ4Qe7k1Dtq8YhknkN5Wdey2YQh
2024-06-27 12:53:26 [[32minfo[39m]: Sending 0.0001 to krrF3aFEaxPpuSgghfvXFW4UM4LFuUetmCRnLqESepd
2024-06-27 12:53:26 [[32minfo[39m]: Execute Transaction {"recentBlockhash":null,"feePayer":null,"nonceInfo":null,"instructions":[{"keys":[{"pubkey":"krrF3aFEaxPpuSgghfvXFW4UM4LFuUetmCRnLqESepd","isSigner":true,"isWritable":true},{"pubkey":"krrF3aFEaxPpuSgghfvXFW4UM4LFuUetmCRnLqESepd","isSigner":false,"isWritable":true}],"programId":"11111111111111111111111111111111","data":[2,0,0,0,160,134,1,0,0,0,0,0]}],"signers":[]}
2024-06-27 12:53:28 [[32minfo[39m]: Tx Url: https://explorer.sonic.game/tx/3LKZkpkXWi74GQ8LF5wo2ktDMduV6bnsFCa4qVhNjkuc8gpdKA2w4SDWLomWBZJkwKsm4GpdLzBENX5WamUuW4Qx
2024-06-27 12:53:31 [[32minfo[39m]: Sending 0.0001 to krrF3aFEaxPpuSgghfvXFW4UM4LFuUetmCRnLqESepd
2024-06-27 12:53:31 [[32minfo[39m]: Execute Transaction {"recentBlockhash":null,"feePayer":null,"nonceInfo":null,"instructions":[{"keys":[{"pubkey":"krrF3aFEaxPpuSgghfvXFW4UM4LFuUetmCRnLqESepd","isSigner":true,"isWritable":true},{"pubkey":"krrF3aFEaxPpuSgghfvXFW4UM4LFuUetmCRnLqESepd","isSigner":false,"isWritable":true}],"programId":"11111111111111111111111111111111","data":[2,0,0,0,160,134,1,0,0,0,0,0]}],"signers":[]}
2024-06-27 12:53:33 [[32minfo[39m]: Tx Url: https://explorer.sonic.game/tx/5eMrhMqnai76VE1joZRCbcTkM7aDQnywMEu9846MarxnmKE2mgyGFFYzpMZB6ZrHVGhxiHEF3wzFHfqFsQ7LLNsV
2024-06-27 12:53:36 [[32minfo[39m]: Sending 0.0001 to krrF3aFEaxPpuSgghfvXFW4UM4LFuUetmCRnLqESepd
2024-06-27 12:53:36 [[32minfo[39m]: Execute Transaction {"recentBlockhash":null,"feePayer":null,"nonceInfo":null,"instructions":[{"keys":[{"pubkey":"krrF3aFEaxPpuSgghfvXFW4UM4LFuUetmCRnLqESepd","isSigner":true,"isWritable":true},{"pubkey":"krrF3aFEaxPpuSgghfvXFW4UM4LFuUetmCRnLqESepd","isSigner":false,"isWritable":true}],"programId":"11111111111111111111111111111111","data":[2,0,0,0,160,134,1,0,0,0,0,0]}],"signers":[]}
2024-06-27 12:53:38 [[32minfo[39m]: Tx Url: https://explorer.sonic.game/tx/4ABixnEkbtndEWuzkXK1oW3HBgcGYsxrLiRPwkGzSNN4Gvdb2n9PN9VRWbV6knVVZURuTmWHcBbg8YHNPRt46iBf
2024-06-27 12:53:41 [[32minfo[39m]: Sending 0.0001 to krrF3aFEaxPpuSgghfvXFW4UM4LFuUetmCRnLqESepd
2024-06-27 12:53:41 [[32minfo[39m]: Execute Transaction {"recentBlockhash":null,"feePayer":null,"nonceInfo":null,"instructions":[{"keys":[{"pubkey":"krrF3aFEaxPpuSgghfvXFW4UM4LFuUetmCRnLqESepd","isSigner":true,"isWritable":true},{"pubkey":"krrF3aFEaxPpuSgghfvXFW4UM4LFuUetmCRnLqESepd","isSigner":false,"isWritable":true}],"programId":"11111111111111111111111111111111","data":[2,0,0,0,160,134,1,0,0,0,0,0]}],"signers":[]}
2024-06-27 12:53:43 [[32minfo[39m]: Tx Url: https://explorer.sonic.game/tx/kYTqS9PPEbwmRkLtF2anS5Yo22baQCZFuFFp1hmSXkKMwR5PowmYCPaAegERQNrVhCUJrQaDQvtvpbM1LbpUpnL
2024-06-27 12:53:47 [[32minfo[39m]: Sending 0.0001 to krrF3aFEaxPpuSgghfvXFW4UM4LFuUetmCRnLqESepd
2024-06-27 12:53:47 [[32minfo[39m]: Execute Transaction {"recentBlockhash":null,"feePayer":null,"nonceInfo":null,"instructions":[{"keys":[{"pubkey":"krrF3aFEaxPpuSgghfvXFW4UM4LFuUetmCRnLqESepd","isSigner":true,"isWritable":true},{"pubkey":"krrF3aFEaxPpuSgghfvXFW4UM4LFuUetmCRnLqESepd","isSigner":false,"isWritable":true}],"programId":"11111111111111111111111111111111","data":[2,0,0,0,160,134,1,0,0,0,0,0]}],"signers":[]}
2024-06-27 12:53:48 [[32minfo[39m]: Tx Url: https://explorer.sonic.game/tx/2VWQPxKWEgCjs8KP8Far3HiNs3n622AA5LXtoTkHqYnVg21r9CGwGMwN1RVTGRqy65beYTVmkqGcbnWHBozLu8jS
2024-06-27 12:53:52 [[32minfo[39m]: Sending 0.0001 to krrF3aFEaxPpuSgghfvXFW4UM4LFuUetmCRnLqESepd
2024-06-27 12:53:52 [[32minfo[39m]: Execute Transaction {"recentBlockhash":null,"feePayer":null,"nonceInfo":null,"instructions":[{"keys":[{"pubkey":"krrF3aFEaxPpuSgghfvXFW4UM4LFuUetmCRnLqESepd","isSigner":true,"isWritable":true},{"pubkey":"krrF3aFEaxPpuSgghfvXFW4UM4LFuUetmCRnLqESepd","isSigner":false,"isWritable":true}],"programId":"11111111111111111111111111111111","data":[2,0,0,0,160,134,1,0,0,0,0,0]}],"signers":[]}
2024-06-27 12:53:54 [[32minfo[39m]: Tx Url: https://explorer.sonic.game/tx/3BWn8GSKMeWthUDEgEBGazahKVr2cjFhd8P46CCT3NZJNqBVCveZeDzCW81EmRJr4hMuWmbCzkxa84WAdKGscTT2
2024-06-27 12:53:59 [[32minfo[39m]: Sending 0.0001 to krrF3aFEaxPpuSgghfvXFW4UM4LFuUetmCRnLqESepd
2024-06-27 12:53:59 [[32minfo[39m]: Execute Transaction {"recentBlockhash":null,"feePayer":null,"nonceInfo":null,"instructions":[{"keys":[{"pubkey":"krrF3aFEaxPpuSgghfvXFW4UM4LFuUetmCRnLqESepd","isSigner":true,"isWritable":true},{"pubkey":"krrF3aFEaxPpuSgghfvXFW4UM4LFuUetmCRnLqESepd","isSigner":false,"isWritable":true}],"programId":"11111111111111111111111111111111","data":[2,0,0,0,160,134,1,0,0,0,0,0]}],"signers":[]}
2024-06-27 12:54:01 [[32minfo[39m]: Tx Url: https://explorer.sonic.game/tx/3wX4W4a2Ga86LUiJubonKCrPqUCz7iKNvWESqAghWRFgLSpEY2WqVFPWPzwPFmbTFCYiqb3FkpVnDQ3MjejitMvn
2024-06-27 12:54:03 [[32minfo[39m]: Sending 0.0001 to krrF3aFEaxPpuSgghfvXFW4UM4LFuUetmCRnLqESepd
2024-06-27 12:54:03 [[32minfo[39m]: Execute Transaction {"recentBlockhash":null,"feePayer":null,"nonceInfo":null,"instructions":[{"keys":[{"pubkey":"krrF3aFEaxPpuSgghfvXFW4UM4LFuUetmCRnLqESepd","isSigner":true,"isWritable":true},{"pubkey":"krrF3aFEaxPpuSgghfvXFW4UM4LFuUetmCRnLqESepd","isSigner":false,"isWritable":true}],"programId":"11111111111111111111111111111111","data":[2,0,0,0,160,134,1,0,0,0,0,0]}],"signers":[]}
2024-06-27 12:54:05 [[32minfo[39m]: Tx Url: https://explorer.sonic.game/tx/3gW4iDZDHhoUSRmJ1Hbc5P1eNh9odVpKVr3YqWe77sYXpiiX14xY7mnZFAG1Hr8YMt4uEqPZ2bzQpGVbeKTZFD52
2024-06-27 12:54:08 [[32minfo[39m]: Sending 0.0001 to krrF3aFEaxPpuSgghfvXFW4UM4LFuUetmCRnLqESepd
2024-06-27 12:54:08 [[32minfo[39m]: Execute Transaction {"recentBlockhash":null,"feePayer":null,"nonceInfo":null,"instructions":[{"keys":[{"pubkey":"krrF3aFEaxPpuSgghfvXFW4UM4LFuUetmCRnLqESepd","isSigner":true,"isWritable":true},{"pubkey":"krrF3aFEaxPpuSgghfvXFW4UM4LFuUetmCRnLqESepd","isSigner":false,"isWritable":true}],"programId":"11111111111111111111111111111111","data":[2,0,0,0,160,134,1,0,0,0,0,0]}],"signers":[]}
2024-06-27 12:54:10 [[32minfo[39m]: Tx Url: https://explorer.sonic.game/tx/5nseZJKrymgHvP2DsqF7VZHmcjhaboV5QzAfkssms93mpwQeY7a3mSoFFtc2TbxdRJnULWRdpAiKEXdKstGNoMxi
2024-06-27 12:54:15 [[32minfo[39m]: Sending 0.0001 to krrF3aFEaxPpuSgghfvXFW4UM4LFuUetmCRnLqESepd
2024-06-27 12:54:15 [[32minfo[39m]: Execute Transaction {"recentBlockhash":null,"feePayer":null,"nonceInfo":null,"instructions":[{"keys":[{"pubkey":"krrF3aFEaxPpuSgghfvXFW4UM4LFuUetmCRnLqESepd","isSigner":true,"isWritable":true},{"pubkey":"krrF3aFEaxPpuSgghfvXFW4UM4LFuUetmCRnLqESepd","isSigner":false,"isWritable":true}],"programId":"11111111111111111111111111111111","data":[2,0,0,0,160,134,1,0,0,0,0,0]}],"signers":[]}
2024-06-27 12:54:17 [[32minfo[39m]: Tx Url: https://explorer.sonic.game/tx/4jEXyzwkEKLEfhGUHnbKG4uA27H5Sd3eTwixk4Uok3ybagxUj4tzaPvoHjE6kNn8hirZfdndvTiVRV1v1KhQ4eVU
2024-06-27 12:54:23 [[32minfo[39m]: Sending 0.0001 to krrF3aFEaxPpuSgghfvXFW4UM4LFuUetmCRnLqESepd
2024-06-27 12:54:23 [[32minfo[39m]: Execute Transaction {"recentBlockhash":null,"feePayer":null,"nonceInfo":null,"instructions":[{"keys":[{"pubkey":"krrF3aFEaxPpuSgghfvXFW4UM4LFuUetmCRnLqESepd","isSigner":true,"isWritable":true},{"pubkey":"krrF3aFEaxPpuSgghfvXFW4UM4LFuUetmCRnLqESepd","isSigner":false,"isWritable":true}],"programId":"11111111111111111111111111111111","data":[2,0,0,0,160,134,1,0,0,0,0,0]}],"signers":[]}
2024-06-27 12:54:24 [[32minfo[39m]: Tx Url: https://explorer.sonic.game/tx/2oL1Eb4y27nrK3gVZRerdMKv58EwC4Eo6giLh1kZ3GiSjK612qGN2fnDdcuo3iU9sVave5VXQd3ndLiy51tadMar
2024-06-27 12:54:29 [[32minfo[39m]: Sending 0.0001 to krrF3aFEaxPpuSgghfvXFW4UM4LFuUetmCRnLqESepd
2024-06-27 12:54:29 [[32minfo[39m]: Execute Transaction {"recentBlockhash":null,"feePayer":null,"nonceInfo":null,"instructions":[{"keys":[{"pubkey":"krrF3aFEaxPpuSgghfvXFW4UM4LFuUetmCRnLqESepd","isSigner":true,"isWritable":true},{"pubkey":"krrF3aFEaxPpuSgghfvXFW4UM4LFuUetmCRnLqESepd","isSigner":false,"isWritable":true}],"programId":"11111111111111111111111111111111","data":[2,0,0,0,160,134,1,0,0,0,0,0]}],"signers":[]}
2024-06-27 12:54:31 [[32minfo[39m]: Tx Url: https://explorer.sonic.game/tx/5u8a2UZ9zCzpodNNk1dPTqnyvufWamoSkVcyM2qJP5RtSvQ5K631uFXAUtZXHBKiVDCkpM28thKYMqhtVv92fjT2
2024-06-27 12:54:36 [[32minfo[39m]: Sending 0.0001 to krrF3aFEaxPpuSgghfvXFW4UM4LFuUetmCRnLqESepd
2024-06-27 12:54:36 [[32minfo[39m]: Execute Transaction {"recentBlockhash":null,"feePayer":null,"nonceInfo":null,"instructions":[{"keys":[{"pubkey":"krrF3aFEaxPpuSgghfvXFW4UM4LFuUetmCRnLqESepd","isSigner":true,"isWritable":true},{"pubkey":"krrF3aFEaxPpuSgghfvXFW4UM4LFuUetmCRnLqESepd","isSigner":false,"isWritable":true}],"programId":"11111111111111111111111111111111","data":[2,0,0,0,160,134,1,0,0,0,0,0]}],"signers":[]}
2024-06-27 12:54:38 [[32minfo[39m]: Tx Url: https://explorer.sonic.game/tx/2yTNX9WzV7UpdHcmuRtZczZLrySZaVkz8XPHrv5xnPkwA5z47qKxwyLsLYHFxhe7bWgQz7a2NGqdqv7n6BrkND4K
2024-06-27 12:54:41 [[32minfo[39m]: Sending 0.0001 to krrF3aFEaxPpuSgghfvXFW4UM4LFuUetmCRnLqESepd
2024-06-27 12:54:41 [[32minfo[39m]: Execute Transaction {"recentBlockhash":null,"feePayer":null,"nonceInfo":null,"instructions":[{"keys":[{"pubkey":"krrF3aFEaxPpuSgghfvXFW4UM4LFuUetmCRnLqESepd","isSigner":true,"isWritable":true},{"pubkey":"krrF3aFEaxPpuSgghfvXFW4UM4LFuUetmCRnLqESepd","isSigner":false,"isWritable":true}],"programId":"11111111111111111111111111111111","data":[2,0,0,0,160,134,1,0,0,0,0,0]}],"signers":[]}
2024-06-27 12:54:43 [[32minfo[39m]: Tx Url: https://explorer.sonic.game/tx/6quR6k1MZsvUk3zb1YNeFQE6cykqggsFnKCY8dfn8C8nvRopjRHz2dVt9Mc4SiPCpkWspct3LYhohPKcAFDZwYo
2024-06-27 12:54:46 [[32minfo[39m]: Sending 0.0001 to krrF3aFEaxPpuSgghfvXFW4UM4LFuUetmCRnLqESepd
2024-06-27 12:54:46 [[32minfo[39m]: Execute Transaction {"recentBlockhash":null,"feePayer":null,"nonceInfo":null,"instructions":[{"keys":[{"pubkey":"krrF3aFEaxPpuSgghfvXFW4UM4LFuUetmCRnLqESepd","isSigner":true,"isWritable":true},{"pubkey":"krrF3aFEaxPpuSgghfvXFW4UM4LFuUetmCRnLqESepd","isSigner":false,"isWritable":true}],"programId":"11111111111111111111111111111111","data":[2,0,0,0,160,134,1,0,0,0,0,0]}],"signers":[]}
2024-06-27 12:54:48 [[32minfo[39m]: Tx Url: https://explorer.sonic.game/tx/Csq3qQeFd5C5g9mAZWZ9m2qBNxc188iGPXKvkx667acKjZbQfTauaBEWT7J8FKvDcXJr8C5Pr5Ge3yP5NDe1iKf
2024-06-27 12:54:53 [[32minfo[39m]: Sending 0.0001 to krrF3aFEaxPpuSgghfvXFW4UM4LFuUetmCRnLqESepd
2024-06-27 12:54:53 [[32minfo[39m]: Execute Transaction {"recentBlockhash":null,"feePayer":null,"nonceInfo":null,"instructions":[{"keys":[{"pubkey":"krrF3aFEaxPpuSgghfvXFW4UM4LFuUetmCRnLqESepd","isSigner":true,"isWritable":true},{"pubkey":"krrF3aFEaxPpuSgghfvXFW4UM4LFuUetmCRnLqESepd","isSigner":false,"isWritable":true}],"programId":"11111111111111111111111111111111","data":[2,0,0,0,160,134,1,0,0,0,0,0]}],"signers":[]}
2024-06-27 12:54:55 [[32minfo[39m]: Tx Url: https://explorer.sonic.game/tx/2udoPna4qD7NoGZPWYoo2iE9Foj9SEv5GRcKjokLhgYQuV9PT9q4WTuR6ytBguYP61FiQPTLFZpeYrUhtYExQQns
2024-06-27 12:54:57 [[32minfo[39m]: Sending 0.0001 to krrF3aFEaxPpuSgghfvXFW4UM4LFuUetmCRnLqESepd
2024-06-27 12:54:57 [[32minfo[39m]: Execute Transaction {"recentBlockhash":null,"feePayer":null,"nonceInfo":null,"instructions":[{"keys":[{"pubkey":"krrF3aFEaxPpuSgghfvXFW4UM4LFuUetmCRnLqESepd","isSigner":true,"isWritable":true},{"pubkey":"krrF3aFEaxPpuSgghfvXFW4UM4LFuUetmCRnLqESepd","isSigner":false,"isWritable":true}],"programId":"11111111111111111111111111111111","data":[2,0,0,0,160,134,1,0,0,0,0,0]}],"signers":[]}
2024-06-27 12:54:59 [[32minfo[39m]: Tx Url: https://explorer.sonic.game/tx/2TcHTybQX1Q6PJSQHgfbesyK29aUUxJKKWpVyZpLzFdMKQMdJZB21HP2KqW6qGfBK4jP1BPRN9Ctp5nZZd3yF8AP
2024-06-27 12:55:02 [[32minfo[39m]: Sending 0.0001 to krrF3aFEaxPpuSgghfvXFW4UM4LFuUetmCRnLqESepd
2024-06-27 12:55:02 [[32minfo[39m]: Execute Transaction {"recentBlockhash":null,"feePayer":null,"nonceInfo":null,"instructions":[{"keys":[{"pubkey":"krrF3aFEaxPpuSgghfvXFW4UM4LFuUetmCRnLqESepd","isSigner":true,"isWritable":true},{"pubkey":"krrF3aFEaxPpuSgghfvXFW4UM4LFuUetmCRnLqESepd","isSigner":false,"isWritable":true}],"programId":"11111111111111111111111111111111","data":[2,0,0,0,160,134,1,0,0,0,0,0]}],"signers":[]}
2024-06-27 12:55:04 [[32minfo[39m]: Tx Url: https://explorer.sonic.game/tx/4KFkoBAQrBHtftpexzmD8L5VDvqZtfHoHAArTy5yD14KiTGzpWcd5Rz9oyZuaiWzWwT89inpZBa9mn7SEhWx4B5w
2024-06-27 12:55:07 [[32minfo[39m]: Sending 0.0001 to krrF3aFEaxPpuSgghfvXFW4UM4LFuUetmCRnLqESepd
2024-06-27 12:55:07 [[32minfo[39m]: Execute Transaction {"recentBlockhash":null,"feePayer":null,"nonceInfo":null,"instructions":[{"keys":[{"pubkey":"krrF3aFEaxPpuSgghfvXFW4UM4LFuUetmCRnLqESepd","isSigner":true,"isWritable":true},{"pubkey":"krrF3aFEaxPpuSgghfvXFW4UM4LFuUetmCRnLqESepd","isSigner":false,"isWritable":true}],"programId":"11111111111111111111111111111111","data":[2,0,0,0,160,134,1,0,0,0,0,0]}],"signers":[]}
2024-06-27 12:55:09 [[32minfo[39m]: Tx Url: https://explorer.sonic.game/tx/5hhW11ggUFn3zXRbZE5jwDqyJ5Ea3uVQLhppTQt32hQY3J7kzzQJconWqtNiGyyWNn6ZPp3Wdcimhuwq1HFq9Rxw
2024-06-27 12:55:12 [[32minfo[39m]: Sending 0.0001 to krrF3aFEaxPpuSgghfvXFW4UM4LFuUetmCRnLqESepd
2024-06-27 12:55:12 [[32minfo[39m]: Execute Transaction {"recentBlockhash":null,"feePayer":null,"nonceInfo":null,"instructions":[{"keys":[{"pubkey":"krrF3aFEaxPpuSgghfvXFW4UM4LFuUetmCRnLqESepd","isSigner":true,"isWritable":true},{"pubkey":"krrF3aFEaxPpuSgghfvXFW4UM4LFuUetmCRnLqESepd","isSigner":false,"isWritable":true}],"programId":"11111111111111111111111111111111","data":[2,0,0,0,160,134,1,0,0,0,0,0]}],"signers":[]}
2024-06-27 12:55:13 [[32minfo[39m]: Tx Url: https://explorer.sonic.game/tx/38kWsqRUQdmvPCRMkmxpQZesvsRUPBfkL74XYE7koQeUtc4wm24yLQKWxbTzt5WxpuymCdXaBqAJVJkwEtbpM22K
2024-06-27 12:55:17 [[32minfo[39m]: Sending 0.0001 to krrF3aFEaxPpuSgghfvXFW4UM4LFuUetmCRnLqESepd
2024-06-27 12:55:17 [[32minfo[39m]: Execute Transaction {"recentBlockhash":null,"feePayer":null,"nonceInfo":null,"instructions":[{"keys":[{"pubkey":"krrF3aFEaxPpuSgghfvXFW4UM4LFuUetmCRnLqESepd","isSigner":true,"isWritable":true},{"pubkey":"krrF3aFEaxPpuSgghfvXFW4UM4LFuUetmCRnLqESepd","isSigner":false,"isWritable":true}],"programId":"11111111111111111111111111111111","data":[2,0,0,0,160,134,1,0,0,0,0,0]}],"signers":[]}
2024-06-27 12:55:19 [[32minfo[39m]: Tx Url: https://explorer.sonic.game/tx/3SBgxE7E7FpqJ2PgXvjGy7wzmFJd3RSrBCK4NJvsEDpCEqAcFWgSzYrRgFKXzBXidnzh21g61XoPurk1XG8cTaY2
2024-06-27 12:55:23 [[32minfo[39m]: Claiming Tx Milestone Stage 1
2024-06-27 12:55:23 [[32minfo[39m]: POST : https://odyssey-api.sonic.game/user/transactions/rewards/claim
2024-06-27 12:55:23 [[32minfo[39m]: Request Header : {"Accept":"*/*","Accept-Language":"en-GB,en-US;q=0.9,en;q=0.8","Content-Type":"application/json","User-Agent":"Mozilla/5.0 (Linux; Android 10; SM-G973F) AppleWebKit/537.36 (KHTML, like Gecko) Chrome/125.0.6422.113 Mobile Safari/537.36 EdgA/124.0.2478.104","Authorization":"eyJhbGciOiJIUzI1NiIsInR5cCI6IkpXVCJ9.eyJpZCI6MTM3ODAzLCJ3YWxsZXQiOiJrcnJGM2FGRWF4UHB1U2dnaGZ2WEZXNFVNNExGdVVldG1DUm5McUVTZXBkIiwiaW52aXRhdGlvbl9jb2RlIjoiZ1R6TWhrIiwiaWF0IjoxNzE5NDY3MjgyLCJleHAiOjE3MjcyNDMyODIsImp0aSI6InNvbmljX2F1dGhfdXNlcl8xMzc4MDMifQ.ISS4otjFYD_RFBJnzGXMCng_okNfeVes6xNTNw8x0Cw"}
2024-06-27 12:55:23 [[32minfo[39m]: Request Body : {"stage":1}
2024-06-27 12:55:24 [[32minfo[39m]: Response : 400 Bad Request
2024-06-27 12:55:24 [[32minfo[39m]: Response Data : {"code":100015,"message":"interact rewards already claimed","status":"fail","data":null}
2024-06-27 12:55:24 [[32minfo[39m]: Claiming Tx Milestone Stage 2
2024-06-27 12:55:24 [[32minfo[39m]: POST : https://odyssey-api.sonic.game/user/transactions/rewards/claim
2024-06-27 12:55:24 [[32minfo[39m]: Request Header : {"Accept":"*/*","Accept-Language":"en-GB,en-US;q=0.9,en;q=0.8","Content-Type":"application/json","User-Agent":"Mozilla/5.0 (Linux; Android 10; SM-G973F) AppleWebKit/537.36 (KHTML, like Gecko) Chrome/125.0.6422.113 Mobile Safari/537.36 EdgA/124.0.2478.104","Authorization":"eyJhbGciOiJIUzI1NiIsInR5cCI6IkpXVCJ9.eyJpZCI6MTM3ODAzLCJ3YWxsZXQiOiJrcnJGM2FGRWF4UHB1U2dnaGZ2WEZXNFVNNExGdVVldG1DUm5McUVTZXBkIiwiaW52aXRhdGlvbl9jb2RlIjoiZ1R6TWhrIiwiaWF0IjoxNzE5NDY3MjgyLCJleHAiOjE3MjcyNDMyODIsImp0aSI6InNvbmljX2F1dGhfdXNlcl8xMzc4MDMifQ.ISS4otjFYD_RFBJnzGXMCng_okNfeVes6xNTNw8x0Cw"}
2024-06-27 12:55:24 [[32minfo[39m]: Request Body : {"stage":2}
2024-06-27 12:55:25 [[32minfo[39m]: Response : 400 Bad Request
2024-06-27 12:55:25 [[32minfo[39m]: Response Data : {"code":100016,"message":"interact task not finished","status":"fail","data":null}
2024-06-27 12:55:25 [[32minfo[39m]: Claiming Tx Milestone Stage 3
2024-06-27 12:55:25 [[32minfo[39m]: POST : https://odyssey-api.sonic.game/user/transactions/rewards/claim
2024-06-27 12:55:25 [[32minfo[39m]: Request Header : {"Accept":"*/*","Accept-Language":"en-GB,en-US;q=0.9,en;q=0.8","Content-Type":"application/json","User-Agent":"Mozilla/5.0 (Linux; Android 10; SM-G973F) AppleWebKit/537.36 (KHTML, like Gecko) Chrome/125.0.6422.113 Mobile Safari/537.36 EdgA/124.0.2478.104","Authorization":"eyJhbGciOiJIUzI1NiIsInR5cCI6IkpXVCJ9.eyJpZCI6MTM3ODAzLCJ3YWxsZXQiOiJrcnJGM2FGRWF4UHB1U2dnaGZ2WEZXNFVNNExGdVVldG1DUm5McUVTZXBkIiwiaW52aXRhdGlvbl9jb2RlIjoiZ1R6TWhrIiwiaWF0IjoxNzE5NDY3MjgyLCJleHAiOjE3MjcyNDMyODIsImp0aSI6InNvbmljX2F1dGhfdXNlcl8xMzc4MDMifQ.ISS4otjFYD_RFBJnzGXMCng_okNfeVes6xNTNw8x0Cw"}
2024-06-27 12:55:25 [[32minfo[39m]: Request Body : {"stage":3}
2024-06-27 12:55:25 [[32minfo[39m]: Response : 400 Bad Request
2024-06-27 12:55:25 [[32minfo[39m]: Response Data : {"code":100016,"message":"interact task not finished","status":"fail","data":null}
2024-06-27 12:58:49 [[32minfo[39m]: Connecting to Sonic Odyssey
2024-06-27 12:58:49 [[32minfo[39m]: GET : https://odyssey-api.sonic.game/auth/sonic/challenge?wallet=krrF3aFEaxPpuSgghfvXFW4UM4LFuUetmCRnLqESepd
2024-06-27 12:58:49 [[32minfo[39m]: Request Header : {"Accept":"*/*","Accept-Language":"en-GB,en-US;q=0.9,en;q=0.8","Content-Type":"application/json","User-Agent":"Mozilla/5.0 (Linux; Android 10; VOG-L29) AppleWebKit/537.36 (KHTML, like Gecko) Chrome/125.0.6422.113 Mobile Safari/537.36 OPR/76.2.4027.73374"}
2024-06-27 12:58:49 [[32minfo[39m]: Request Body : null
2024-06-27 12:58:49 [[32minfo[39m]: Response : 200 OK
2024-06-27 12:58:49 [[32minfo[39m]: Response Data : {"code":0,"data":"Welcome to Sonic!\n\n\t\tClick \"Sign\" to sign in. No password needed!\n\t\tThis request will not trigger a blockchain transaction or cost any gas fees.\n\t\t\n\t\tYour authentication status will be reset after 24 hours.\n\t\t\n\t\tWallet address:\n\t\tkrrF3aFEaxPpuSgghfvXFW4UM4LFuUetmCRnLqESepd\n\t\t\n\t\tNonce:\n\t\taWEN8wXEwhC8Nz2KOjiMG","status":"success","message":"success"}
2024-06-27 12:58:49 [[32minfo[39m]: POST : https://odyssey-api.sonic.game/auth/sonic/authorize
2024-06-27 12:58:49 [[32minfo[39m]: Request Header : {"Accept":"*/*","Accept-Language":"en-GB,en-US;q=0.9,en;q=0.8","Content-Type":"application/json","User-Agent":"Mozilla/5.0 (Linux; Android 10; VOG-L29) AppleWebKit/537.36 (KHTML, like Gecko) Chrome/125.0.6422.113 Mobile Safari/537.36 OPR/76.2.4027.73374"}
2024-06-27 12:58:49 [[32minfo[39m]: Request Body : {"address":"krrF3aFEaxPpuSgghfvXFW4UM4LFuUetmCRnLqESepd","address_encoded":"CzxW2DzzMXPIujpSYuu+0dSAs1uIFmZAISHM11Xds/Y=","signature":"VUQPt8uso93BVIoQwITOEWFLm407rOATGuqe/XBtU7km0hh1BvsvZQfFgYo0AUkDAXkAgkqyhYZR1i1TmJWiAA=="}
2024-06-27 12:58:50 [[32minfo[39m]: Response : 200 OK
2024-06-27 12:58:50 [[32minfo[39m]: Response Data : {"code":0,"data":{"token":"eyJhbGciOiJIUzI1NiIsInR5cCI6IkpXVCJ9.eyJpZCI6MTM3ODAzLCJ3YWxsZXQiOiJrcnJGM2FGRWF4UHB1U2dnaGZ2WEZXNFVNNExGdVVldG1DUm5McUVTZXBkIiwiaW52aXRhdGlvbl9jb2RlIjoiZ1R6TWhrIiwiaWF0IjoxNzE5NDY3OTMwLCJleHAiOjE3MjcyNDM5MzAsImp0aSI6InNvbmljX2F1dGhfdXNlcl8xMzc4MDMifQ.Kfwj0UjGOilBANatWhqp8AUT6pyODpj7IeOqBJsN7hA"},"status":"success","message":"success"}
2024-06-27 12:58:50 [[32minfo[39m]: Connected to Sonic Odyssey
2024-06-27 12:58:50 [[32minfo[39m]: GET : https://odyssey-api.sonic.game/user/transactions/state/daily
2024-06-27 12:58:50 [[32minfo[39m]: Request Header : {"Accept":"*/*","Accept-Language":"en-GB,en-US;q=0.9,en;q=0.8","Content-Type":"application/json","User-Agent":"Mozilla/5.0 (Linux; Android 10; VOG-L29) AppleWebKit/537.36 (KHTML, like Gecko) Chrome/125.0.6422.113 Mobile Safari/537.36 OPR/76.2.4027.73374","Authorization":"eyJhbGciOiJIUzI1NiIsInR5cCI6IkpXVCJ9.eyJpZCI6MTM3ODAzLCJ3YWxsZXQiOiJrcnJGM2FGRWF4UHB1U2dnaGZ2WEZXNFVNNExGdVVldG1DUm5McUVTZXBkIiwiaW52aXRhdGlvbl9jb2RlIjoiZ1R6TWhrIiwiaWF0IjoxNzE5NDY3OTMwLCJleHAiOjE3MjcyNDM5MzAsImp0aSI6InNvbmljX2F1dGhfdXNlcl8xMzc4MDMifQ.Kfwj0UjGOilBANatWhqp8AUT6pyODpj7IeOqBJsN7hA"}
2024-06-27 12:58:50 [[32minfo[39m]: Request Body : null
2024-06-27 12:58:54 [[32minfo[39m]: Response : 200 OK
2024-06-27 12:58:54 [[32minfo[39m]: Response Data : {"code":0,"data":{"total_transactions":101,"stage_info":{"stage_1":{"claimed":true,"rewards":2,"quantity":10},"stage_2":{"claimed":true,"rewards":4,"quantity":50},"stage_3":{"claimed":false,"rewards":6,"quantity":100}}},"status":"success","message":"success"}
2024-06-27 12:58:54 [[32minfo[39m]: Try to Check-in
2024-06-27 12:58:54 [[32minfo[39m]: GET : https://odyssey-api.sonic.game/user/check-in/transaction
2024-06-27 12:58:54 [[32minfo[39m]: Request Header : {"Accept":"*/*","Accept-Language":"en-GB,en-US;q=0.9,en;q=0.8","Content-Type":"application/json","User-Agent":"Mozilla/5.0 (Linux; Android 10; VOG-L29) AppleWebKit/537.36 (KHTML, like Gecko) Chrome/125.0.6422.113 Mobile Safari/537.36 OPR/76.2.4027.73374","Authorization":"eyJhbGciOiJIUzI1NiIsInR5cCI6IkpXVCJ9.eyJpZCI6MTM3ODAzLCJ3YWxsZXQiOiJrcnJGM2FGRWF4UHB1U2dnaGZ2WEZXNFVNNExGdVVldG1DUm5McUVTZXBkIiwiaW52aXRhdGlvbl9jb2RlIjoiZ1R6TWhrIiwiaWF0IjoxNzE5NDY3OTMwLCJleHAiOjE3MjcyNDM5MzAsImp0aSI6InNvbmljX2F1dGhfdXNlcl8xMzc4MDMifQ.Kfwj0UjGOilBANatWhqp8AUT6pyODpj7IeOqBJsN7hA"}
2024-06-27 12:58:54 [[32minfo[39m]: Request Body : null
2024-06-27 12:58:54 [[32minfo[39m]: Response : 400 Bad Request
2024-06-27 12:58:54 [[32minfo[39m]: Response Data : {"code":100013,"message":"current account already checked in","status":"fail","data":null}
2024-06-27 12:58:54 [[32minfo[39m]: Sending 0.0001 to krrF3aFEaxPpuSgghfvXFW4UM4LFuUetmCRnLqESepd
2024-06-27 12:58:54 [[32minfo[39m]: Execute Transaction {"recentBlockhash":null,"feePayer":null,"nonceInfo":null,"instructions":[{"keys":[{"pubkey":"krrF3aFEaxPpuSgghfvXFW4UM4LFuUetmCRnLqESepd","isSigner":true,"isWritable":true},{"pubkey":"krrF3aFEaxPpuSgghfvXFW4UM4LFuUetmCRnLqESepd","isSigner":false,"isWritable":true}],"programId":"11111111111111111111111111111111","data":[2,0,0,0,160,134,1,0,0,0,0,0]}],"signers":[]}
2024-06-27 12:58:56 [[32minfo[39m]: Tx Url: https://explorer.sonic.game/tx/Xnmufh3zsRej6xtNSUMQrBttZBhUFC2frJvTFYW1HiNbjykqD92R5qksexLDQAVr313jxUH321n6ERKEAYJCDsS
2024-06-27 12:59:00 [[32minfo[39m]: Sending 0.0001 to krrF3aFEaxPpuSgghfvXFW4UM4LFuUetmCRnLqESepd
2024-06-27 12:59:00 [[32minfo[39m]: Execute Transaction {"recentBlockhash":null,"feePayer":null,"nonceInfo":null,"instructions":[{"keys":[{"pubkey":"krrF3aFEaxPpuSgghfvXFW4UM4LFuUetmCRnLqESepd","isSigner":true,"isWritable":true},{"pubkey":"krrF3aFEaxPpuSgghfvXFW4UM4LFuUetmCRnLqESepd","isSigner":false,"isWritable":true}],"programId":"11111111111111111111111111111111","data":[2,0,0,0,160,134,1,0,0,0,0,0]}],"signers":[]}
2024-06-27 12:59:01 [[32minfo[39m]: Tx Url: https://explorer.sonic.game/tx/2UrxSYDFhgKYjm7Es9UXAjuF4vkekZ8UXyyQMBxGkFmYg3oS5rdGWKGqMSw8ewVy77hsMR7Nnhmi6LoYuerQc5tY
2024-06-27 12:59:05 [[32minfo[39m]: Sending 0.0001 to krrF3aFEaxPpuSgghfvXFW4UM4LFuUetmCRnLqESepd
2024-06-27 12:59:05 [[32minfo[39m]: Execute Transaction {"recentBlockhash":null,"feePayer":null,"nonceInfo":null,"instructions":[{"keys":[{"pubkey":"krrF3aFEaxPpuSgghfvXFW4UM4LFuUetmCRnLqESepd","isSigner":true,"isWritable":true},{"pubkey":"krrF3aFEaxPpuSgghfvXFW4UM4LFuUetmCRnLqESepd","isSigner":false,"isWritable":true}],"programId":"11111111111111111111111111111111","data":[2,0,0,0,160,134,1,0,0,0,0,0]}],"signers":[]}
2024-06-27 12:59:20 [[32minfo[39m]: Connecting to Sonic Odyssey
2024-06-27 12:59:20 [[32minfo[39m]: GET : https://odyssey-api.sonic.game/auth/sonic/challenge?wallet=krrF3aFEaxPpuSgghfvXFW4UM4LFuUetmCRnLqESepd
2024-06-27 12:59:20 [[32minfo[39m]: Request Header : {"Accept":"*/*","Accept-Language":"en-GB,en-US;q=0.9,en;q=0.8","Content-Type":"application/json","User-Agent":"Mozilla/5.0 (Linux; Android 10; SM-N975F) AppleWebKit/537.36 (KHTML, like Gecko) Chrome/125.0.6422.113 Mobile Safari/537.36 OPR/76.2.4027.73374"}
2024-06-27 12:59:20 [[32minfo[39m]: Request Body : null
2024-06-27 12:59:21 [[32minfo[39m]: Response : 200 OK
2024-06-27 12:59:21 [[32minfo[39m]: Response Data : {"code":0,"data":"Welcome to Sonic!\n\n\t\tClick \"Sign\" to sign in. No password needed!\n\t\tThis request will not trigger a blockchain transaction or cost any gas fees.\n\t\t\n\t\tYour authentication status will be reset after 24 hours.\n\t\t\n\t\tWallet address:\n\t\tkrrF3aFEaxPpuSgghfvXFW4UM4LFuUetmCRnLqESepd\n\t\t\n\t\tNonce:\n\t\t977PhW2cQxLwmFhEMW8YZ","status":"success","message":"success"}
2024-06-27 12:59:21 [[32minfo[39m]: POST : https://odyssey-api.sonic.game/auth/sonic/authorize
2024-06-27 12:59:21 [[32minfo[39m]: Request Header : {"Accept":"*/*","Accept-Language":"en-GB,en-US;q=0.9,en;q=0.8","Content-Type":"application/json","User-Agent":"Mozilla/5.0 (Linux; Android 10; SM-N975F) AppleWebKit/537.36 (KHTML, like Gecko) Chrome/125.0.6422.113 Mobile Safari/537.36 OPR/76.2.4027.73374"}
2024-06-27 12:59:21 [[32minfo[39m]: Request Body : {"address":"krrF3aFEaxPpuSgghfvXFW4UM4LFuUetmCRnLqESepd","address_encoded":"CzxW2DzzMXPIujpSYuu+0dSAs1uIFmZAISHM11Xds/Y=","signature":"WWg4PogNApRW6NLikT0wFTn7M+KGbCyuaCFkokuTwcpHS5JJQ3tkZerXlBjcACnnb546k83eIx1Ny2ACicy5Cg=="}
2024-06-27 12:59:22 [[32minfo[39m]: Response : 200 OK
2024-06-27 12:59:22 [[32minfo[39m]: Response Data : {"code":0,"data":{"token":"eyJhbGciOiJIUzI1NiIsInR5cCI6IkpXVCJ9.eyJpZCI6MTM3ODAzLCJ3YWxsZXQiOiJrcnJGM2FGRWF4UHB1U2dnaGZ2WEZXNFVNNExGdVVldG1DUm5McUVTZXBkIiwiaW52aXRhdGlvbl9jb2RlIjoiZ1R6TWhrIiwiaWF0IjoxNzE5NDY3OTYxLCJleHAiOjE3MjcyNDM5NjEsImp0aSI6InNvbmljX2F1dGhfdXNlcl8xMzc4MDMifQ.GBpZkGwSQ4OuNPEWEjxAtJ0FBN1xKXzxbAAoMmYHY_4"},"status":"success","message":"success"}
2024-06-27 12:59:22 [[32minfo[39m]: Connected to Sonic Odyssey
2024-06-27 12:59:22 [[32minfo[39m]: GET : https://odyssey-api.sonic.game/user/transactions/state/daily
2024-06-27 12:59:22 [[32minfo[39m]: Request Header : {"Accept":"*/*","Accept-Language":"en-GB,en-US;q=0.9,en;q=0.8","Content-Type":"application/json","User-Agent":"Mozilla/5.0 (Linux; Android 10; SM-N975F) AppleWebKit/537.36 (KHTML, like Gecko) Chrome/125.0.6422.113 Mobile Safari/537.36 OPR/76.2.4027.73374","Authorization":"eyJhbGciOiJIUzI1NiIsInR5cCI6IkpXVCJ9.eyJpZCI6MTM3ODAzLCJ3YWxsZXQiOiJrcnJGM2FGRWF4UHB1U2dnaGZ2WEZXNFVNNExGdVVldG1DUm5McUVTZXBkIiwiaW52aXRhdGlvbl9jb2RlIjoiZ1R6TWhrIiwiaWF0IjoxNzE5NDY3OTYxLCJleHAiOjE3MjcyNDM5NjEsImp0aSI6InNvbmljX2F1dGhfdXNlcl8xMzc4MDMifQ.GBpZkGwSQ4OuNPEWEjxAtJ0FBN1xKXzxbAAoMmYHY_4"}
2024-06-27 12:59:22 [[32minfo[39m]: Request Body : null
2024-06-27 12:59:25 [[32minfo[39m]: Response : 200 OK
2024-06-27 12:59:25 [[32minfo[39m]: Response Data : {"code":0,"data":{"total_transactions":104,"stage_info":{"stage_1":{"claimed":true,"rewards":2,"quantity":10},"stage_2":{"claimed":true,"rewards":4,"quantity":50},"stage_3":{"claimed":false,"rewards":6,"quantity":100}}},"status":"success","message":"success"}
2024-06-27 12:59:25 [[32minfo[39m]: Try to Check-in
2024-06-27 12:59:25 [[32minfo[39m]: GET : https://odyssey-api.sonic.game/user/check-in/transaction
2024-06-27 12:59:25 [[32minfo[39m]: Request Header : {"Accept":"*/*","Accept-Language":"en-GB,en-US;q=0.9,en;q=0.8","Content-Type":"application/json","User-Agent":"Mozilla/5.0 (Linux; Android 10; SM-N975F) AppleWebKit/537.36 (KHTML, like Gecko) Chrome/125.0.6422.113 Mobile Safari/537.36 OPR/76.2.4027.73374","Authorization":"eyJhbGciOiJIUzI1NiIsInR5cCI6IkpXVCJ9.eyJpZCI6MTM3ODAzLCJ3YWxsZXQiOiJrcnJGM2FGRWF4UHB1U2dnaGZ2WEZXNFVNNExGdVVldG1DUm5McUVTZXBkIiwiaW52aXRhdGlvbl9jb2RlIjoiZ1R6TWhrIiwiaWF0IjoxNzE5NDY3OTYxLCJleHAiOjE3MjcyNDM5NjEsImp0aSI6InNvbmljX2F1dGhfdXNlcl8xMzc4MDMifQ.GBpZkGwSQ4OuNPEWEjxAtJ0FBN1xKXzxbAAoMmYHY_4"}
2024-06-27 12:59:25 [[32minfo[39m]: Request Body : null
2024-06-27 12:59:25 [[32minfo[39m]: Response : 400 Bad Request
2024-06-27 12:59:25 [[32minfo[39m]: Response Data : {"code":100013,"message":"current account already checked in","status":"fail","data":null}
2024-06-27 12:59:25 [[32minfo[39m]: GET : https://odyssey-api.sonic.game/user/transactions/state/daily
2024-06-27 12:59:25 [[32minfo[39m]: Request Header : {"Accept":"*/*","Accept-Language":"en-GB,en-US;q=0.9,en;q=0.8","Content-Type":"application/json","User-Agent":"Mozilla/5.0 (Linux; Android 10; SM-N975F) AppleWebKit/537.36 (KHTML, like Gecko) Chrome/125.0.6422.113 Mobile Safari/537.36 OPR/76.2.4027.73374","Authorization":"eyJhbGciOiJIUzI1NiIsInR5cCI6IkpXVCJ9.eyJpZCI6MTM3ODAzLCJ3YWxsZXQiOiJrcnJGM2FGRWF4UHB1U2dnaGZ2WEZXNFVNNExGdVVldG1DUm5McUVTZXBkIiwiaW52aXRhdGlvbl9jb2RlIjoiZ1R6TWhrIiwiaWF0IjoxNzE5NDY3OTYxLCJleHAiOjE3MjcyNDM5NjEsImp0aSI6InNvbmljX2F1dGhfdXNlcl8xMzc4MDMifQ.GBpZkGwSQ4OuNPEWEjxAtJ0FBN1xKXzxbAAoMmYHY_4"}
2024-06-27 12:59:25 [[32minfo[39m]: Request Body : null
2024-06-27 12:59:28 [[32minfo[39m]: Response : 200 OK
2024-06-27 12:59:28 [[32minfo[39m]: Response Data : {"code":0,"data":{"total_transactions":104,"stage_info":{"stage_1":{"claimed":true,"rewards":2,"quantity":10},"stage_2":{"claimed":true,"rewards":4,"quantity":50},"stage_3":{"claimed":false,"rewards":6,"quantity":100}}},"status":"success","message":"success"}
2024-06-27 12:59:28 [[32minfo[39m]: Claiming Tx Milestone Stage 1
2024-06-27 12:59:28 [[32minfo[39m]: POST : https://odyssey-api.sonic.game/user/transactions/rewards/claim
2024-06-27 12:59:28 [[32minfo[39m]: Request Header : {"Accept":"*/*","Accept-Language":"en-GB,en-US;q=0.9,en;q=0.8","Content-Type":"application/json","User-Agent":"Mozilla/5.0 (Linux; Android 10; SM-N975F) AppleWebKit/537.36 (KHTML, like Gecko) Chrome/125.0.6422.113 Mobile Safari/537.36 OPR/76.2.4027.73374","Authorization":"eyJhbGciOiJIUzI1NiIsInR5cCI6IkpXVCJ9.eyJpZCI6MTM3ODAzLCJ3YWxsZXQiOiJrcnJGM2FGRWF4UHB1U2dnaGZ2WEZXNFVNNExGdVVldG1DUm5McUVTZXBkIiwiaW52aXRhdGlvbl9jb2RlIjoiZ1R6TWhrIiwiaWF0IjoxNzE5NDY3OTYxLCJleHAiOjE3MjcyNDM5NjEsImp0aSI6InNvbmljX2F1dGhfdXNlcl8xMzc4MDMifQ.GBpZkGwSQ4OuNPEWEjxAtJ0FBN1xKXzxbAAoMmYHY_4"}
2024-06-27 12:59:28 [[32minfo[39m]: Request Body : {"stage":1}
2024-06-27 12:59:28 [[32minfo[39m]: Response : 400 Bad Request
2024-06-27 12:59:28 [[32minfo[39m]: Response Data : {"code":100015,"message":"interact rewards already claimed","status":"fail","data":null}
2024-06-27 12:59:28 [[32minfo[39m]: Claiming Tx Milestone Stage 2
2024-06-27 12:59:28 [[32minfo[39m]: POST : https://odyssey-api.sonic.game/user/transactions/rewards/claim
2024-06-27 12:59:28 [[32minfo[39m]: Request Header : {"Accept":"*/*","Accept-Language":"en-GB,en-US;q=0.9,en;q=0.8","Content-Type":"application/json","User-Agent":"Mozilla/5.0 (Linux; Android 10; SM-N975F) AppleWebKit/537.36 (KHTML, like Gecko) Chrome/125.0.6422.113 Mobile Safari/537.36 OPR/76.2.4027.73374","Authorization":"eyJhbGciOiJIUzI1NiIsInR5cCI6IkpXVCJ9.eyJpZCI6MTM3ODAzLCJ3YWxsZXQiOiJrcnJGM2FGRWF4UHB1U2dnaGZ2WEZXNFVNNExGdVVldG1DUm5McUVTZXBkIiwiaW52aXRhdGlvbl9jb2RlIjoiZ1R6TWhrIiwiaWF0IjoxNzE5NDY3OTYxLCJleHAiOjE3MjcyNDM5NjEsImp0aSI6InNvbmljX2F1dGhfdXNlcl8xMzc4MDMifQ.GBpZkGwSQ4OuNPEWEjxAtJ0FBN1xKXzxbAAoMmYHY_4"}
2024-06-27 12:59:28 [[32minfo[39m]: Request Body : {"stage":2}
2024-06-27 12:59:28 [[32minfo[39m]: Response : 400 Bad Request
2024-06-27 12:59:28 [[32minfo[39m]: Response Data : {"code":100015,"message":"interact rewards already claimed","status":"fail","data":null}
2024-06-27 12:59:28 [[32minfo[39m]: Claiming Tx Milestone Stage 3
2024-06-27 12:59:28 [[32minfo[39m]: POST : https://odyssey-api.sonic.game/user/transactions/rewards/claim
2024-06-27 12:59:28 [[32minfo[39m]: Request Header : {"Accept":"*/*","Accept-Language":"en-GB,en-US;q=0.9,en;q=0.8","Content-Type":"application/json","User-Agent":"Mozilla/5.0 (Linux; Android 10; SM-N975F) AppleWebKit/537.36 (KHTML, like Gecko) Chrome/125.0.6422.113 Mobile Safari/537.36 OPR/76.2.4027.73374","Authorization":"eyJhbGciOiJIUzI1NiIsInR5cCI6IkpXVCJ9.eyJpZCI6MTM3ODAzLCJ3YWxsZXQiOiJrcnJGM2FGRWF4UHB1U2dnaGZ2WEZXNFVNNExGdVVldG1DUm5McUVTZXBkIiwiaW52aXRhdGlvbl9jb2RlIjoiZ1R6TWhrIiwiaWF0IjoxNzE5NDY3OTYxLCJleHAiOjE3MjcyNDM5NjEsImp0aSI6InNvbmljX2F1dGhfdXNlcl8xMzc4MDMifQ.GBpZkGwSQ4OuNPEWEjxAtJ0FBN1xKXzxbAAoMmYHY_4"}
2024-06-27 12:59:28 [[32minfo[39m]: Request Body : {"stage":3}
2024-06-27 12:59:29 [[32minfo[39m]: Response : 200 OK
2024-06-27 12:59:29 [[32minfo[39m]: Response Data : {"code":0,"data":{"stage":3,"claimed":true},"status":"success","message":"success"}
2024-06-27 13:00:44 [[32minfo[39m]: Connecting to Sonic Odyssey
2024-06-27 13:00:44 [[32minfo[39m]: GET : https://odyssey-api.sonic.game/auth/sonic/challenge?wallet=krrF3aFEaxPpuSgghfvXFW4UM4LFuUetmCRnLqESepd
2024-06-27 13:00:44 [[32minfo[39m]: Request Header : {"Accept":"*/*","Accept-Language":"en-GB,en-US;q=0.9,en;q=0.8","Content-Type":"application/json","User-Agent":"Mozilla/5.0 (Linux; Android 10; SM-G973F) AppleWebKit/537.36 (KHTML, like Gecko) Chrome/125.0.6422.113 Mobile Safari/537.36 EdgA/124.0.2478.104"}
2024-06-27 13:00:44 [[32minfo[39m]: Request Body : null
2024-06-27 13:00:45 [[32minfo[39m]: Response : 200 OK
2024-06-27 13:00:45 [[32minfo[39m]: Response Data : {"code":0,"data":"Welcome to Sonic!\n\n\t\tClick \"Sign\" to sign in. No password needed!\n\t\tThis request will not trigger a blockchain transaction or cost any gas fees.\n\t\t\n\t\tYour authentication status will be reset after 24 hours.\n\t\t\n\t\tWallet address:\n\t\tkrrF3aFEaxPpuSgghfvXFW4UM4LFuUetmCRnLqESepd\n\t\t\n\t\tNonce:\n\t\t6X2e4ce3un-03lEmn4Vo_","status":"success","message":"success"}
2024-06-27 13:00:45 [[32minfo[39m]: POST : https://odyssey-api.sonic.game/auth/sonic/authorize
2024-06-27 13:00:45 [[32minfo[39m]: Request Header : {"Accept":"*/*","Accept-Language":"en-GB,en-US;q=0.9,en;q=0.8","Content-Type":"application/json","User-Agent":"Mozilla/5.0 (Linux; Android 10; SM-G973F) AppleWebKit/537.36 (KHTML, like Gecko) Chrome/125.0.6422.113 Mobile Safari/537.36 EdgA/124.0.2478.104"}
2024-06-27 13:00:45 [[32minfo[39m]: Request Body : {"address":"krrF3aFEaxPpuSgghfvXFW4UM4LFuUetmCRnLqESepd","address_encoded":"CzxW2DzzMXPIujpSYuu+0dSAs1uIFmZAISHM11Xds/Y=","signature":"JQzEQoMNkXLU2hO86K9bgN+wk7aaEckgur3UQqt49H0NN1BuHyRaMIQdn9HVXTNSho0gb48tS157i8kFHYHwBA=="}
2024-06-27 13:00:46 [[32minfo[39m]: Response : 200 OK
2024-06-27 13:00:46 [[32minfo[39m]: Response Data : {"code":0,"data":{"token":"eyJhbGciOiJIUzI1NiIsInR5cCI6IkpXVCJ9.eyJpZCI6MTM3ODAzLCJ3YWxsZXQiOiJrcnJGM2FGRWF4UHB1U2dnaGZ2WEZXNFVNNExGdVVldG1DUm5McUVTZXBkIiwiaW52aXRhdGlvbl9jb2RlIjoiZ1R6TWhrIiwiaWF0IjoxNzE5NDY4MDQ2LCJleHAiOjE3MjcyNDQwNDYsImp0aSI6InNvbmljX2F1dGhfdXNlcl8xMzc4MDMifQ.FFAPVuwSwAWCE6Zja7NEPJFjIAhuVFaDrHjzEwN3HQs"},"status":"success","message":"success"}
2024-06-27 13:00:46 [[32minfo[39m]: Connected to Sonic Odyssey
2024-06-27 13:00:46 [[32minfo[39m]: GET : https://odyssey-api.sonic.game/user/transactions/state/daily
2024-06-27 13:00:46 [[32minfo[39m]: Request Header : {"Accept":"*/*","Accept-Language":"en-GB,en-US;q=0.9,en;q=0.8","Content-Type":"application/json","User-Agent":"Mozilla/5.0 (Linux; Android 10; SM-G973F) AppleWebKit/537.36 (KHTML, like Gecko) Chrome/125.0.6422.113 Mobile Safari/537.36 EdgA/124.0.2478.104","Authorization":"eyJhbGciOiJIUzI1NiIsInR5cCI6IkpXVCJ9.eyJpZCI6MTM3ODAzLCJ3YWxsZXQiOiJrcnJGM2FGRWF4UHB1U2dnaGZ2WEZXNFVNNExGdVVldG1DUm5McUVTZXBkIiwiaW52aXRhdGlvbl9jb2RlIjoiZ1R6TWhrIiwiaWF0IjoxNzE5NDY4MDQ2LCJleHAiOjE3MjcyNDQwNDYsImp0aSI6InNvbmljX2F1dGhfdXNlcl8xMzc4MDMifQ.FFAPVuwSwAWCE6Zja7NEPJFjIAhuVFaDrHjzEwN3HQs"}
2024-06-27 13:00:46 [[32minfo[39m]: Request Body : null
2024-06-27 13:00:50 [[32minfo[39m]: Response : 200 OK
2024-06-27 13:00:50 [[32minfo[39m]: Response Data : {"code":0,"data":{"total_transactions":104,"stage_info":{"stage_1":{"claimed":true,"rewards":2,"quantity":10},"stage_2":{"claimed":true,"rewards":4,"quantity":50},"stage_3":{"claimed":true,"rewards":6,"quantity":100}}},"status":"success","message":"success"}
2024-06-27 13:00:50 [[32minfo[39m]: Try to Check-in
2024-06-27 13:00:50 [[32minfo[39m]: GET : https://odyssey-api.sonic.game/user/check-in/transaction
2024-06-27 13:00:50 [[32minfo[39m]: Request Header : {"Accept":"*/*","Accept-Language":"en-GB,en-US;q=0.9,en;q=0.8","Content-Type":"application/json","User-Agent":"Mozilla/5.0 (Linux; Android 10; SM-G973F) AppleWebKit/537.36 (KHTML, like Gecko) Chrome/125.0.6422.113 Mobile Safari/537.36 EdgA/124.0.2478.104","Authorization":"eyJhbGciOiJIUzI1NiIsInR5cCI6IkpXVCJ9.eyJpZCI6MTM3ODAzLCJ3YWxsZXQiOiJrcnJGM2FGRWF4UHB1U2dnaGZ2WEZXNFVNNExGdVVldG1DUm5McUVTZXBkIiwiaW52aXRhdGlvbl9jb2RlIjoiZ1R6TWhrIiwiaWF0IjoxNzE5NDY4MDQ2LCJleHAiOjE3MjcyNDQwNDYsImp0aSI6InNvbmljX2F1dGhfdXNlcl8xMzc4MDMifQ.FFAPVuwSwAWCE6Zja7NEPJFjIAhuVFaDrHjzEwN3HQs"}
2024-06-27 13:00:50 [[32minfo[39m]: Request Body : null
2024-06-27 13:00:50 [[32minfo[39m]: Response : 400 Bad Request
2024-06-27 13:00:50 [[32minfo[39m]: Response Data : {"code":100013,"message":"current account already checked in","status":"fail","data":null}
2024-06-27 13:00:50 [[32minfo[39m]: GET : https://odyssey-api.sonic.game/user/transactions/state/daily
2024-06-27 13:00:50 [[32minfo[39m]: Request Header : {"Accept":"*/*","Accept-Language":"en-GB,en-US;q=0.9,en;q=0.8","Content-Type":"application/json","User-Agent":"Mozilla/5.0 (Linux; Android 10; SM-G973F) AppleWebKit/537.36 (KHTML, like Gecko) Chrome/125.0.6422.113 Mobile Safari/537.36 EdgA/124.0.2478.104","Authorization":"eyJhbGciOiJIUzI1NiIsInR5cCI6IkpXVCJ9.eyJpZCI6MTM3ODAzLCJ3YWxsZXQiOiJrcnJGM2FGRWF4UHB1U2dnaGZ2WEZXNFVNNExGdVVldG1DUm5McUVTZXBkIiwiaW52aXRhdGlvbl9jb2RlIjoiZ1R6TWhrIiwiaWF0IjoxNzE5NDY4MDQ2LCJleHAiOjE3MjcyNDQwNDYsImp0aSI6InNvbmljX2F1dGhfdXNlcl8xMzc4MDMifQ.FFAPVuwSwAWCE6Zja7NEPJFjIAhuVFaDrHjzEwN3HQs"}
2024-06-27 13:00:50 [[32minfo[39m]: Request Body : null
2024-06-27 13:00:53 [[32minfo[39m]: Response : 200 OK
2024-06-27 13:00:53 [[32minfo[39m]: Response Data : {"code":0,"data":{"total_transactions":104,"stage_info":{"stage_1":{"claimed":true,"rewards":2,"quantity":10},"stage_2":{"claimed":true,"rewards":4,"quantity":50},"stage_3":{"claimed":true,"rewards":6,"quantity":100}}},"status":"success","message":"success"}
2024-06-27 13:00:53 [[32minfo[39m]: Claiming Tx Milestone Stage 1
2024-06-27 13:00:53 [[32minfo[39m]: POST : https://odyssey-api.sonic.game/user/transactions/rewards/claim
2024-06-27 13:00:53 [[32minfo[39m]: Request Header : {"Accept":"*/*","Accept-Language":"en-GB,en-US;q=0.9,en;q=0.8","Content-Type":"application/json","User-Agent":"Mozilla/5.0 (Linux; Android 10; SM-G973F) AppleWebKit/537.36 (KHTML, like Gecko) Chrome/125.0.6422.113 Mobile Safari/537.36 EdgA/124.0.2478.104","Authorization":"eyJhbGciOiJIUzI1NiIsInR5cCI6IkpXVCJ9.eyJpZCI6MTM3ODAzLCJ3YWxsZXQiOiJrcnJGM2FGRWF4UHB1U2dnaGZ2WEZXNFVNNExGdVVldG1DUm5McUVTZXBkIiwiaW52aXRhdGlvbl9jb2RlIjoiZ1R6TWhrIiwiaWF0IjoxNzE5NDY4MDQ2LCJleHAiOjE3MjcyNDQwNDYsImp0aSI6InNvbmljX2F1dGhfdXNlcl8xMzc4MDMifQ.FFAPVuwSwAWCE6Zja7NEPJFjIAhuVFaDrHjzEwN3HQs"}
2024-06-27 13:00:53 [[32minfo[39m]: Request Body : {"stage":1}
2024-06-27 13:00:53 [[32minfo[39m]: Response : 400 Bad Request
2024-06-27 13:00:53 [[32minfo[39m]: Response Data : {"code":100015,"message":"interact rewards already claimed","status":"fail","data":null}
2024-06-27 13:00:53 [[32minfo[39m]: Claiming Tx Milestone Stage 2
2024-06-27 13:00:53 [[32minfo[39m]: POST : https://odyssey-api.sonic.game/user/transactions/rewards/claim
2024-06-27 13:00:53 [[32minfo[39m]: Request Header : {"Accept":"*/*","Accept-Language":"en-GB,en-US;q=0.9,en;q=0.8","Content-Type":"application/json","User-Agent":"Mozilla/5.0 (Linux; Android 10; SM-G973F) AppleWebKit/537.36 (KHTML, like Gecko) Chrome/125.0.6422.113 Mobile Safari/537.36 EdgA/124.0.2478.104","Authorization":"eyJhbGciOiJIUzI1NiIsInR5cCI6IkpXVCJ9.eyJpZCI6MTM3ODAzLCJ3YWxsZXQiOiJrcnJGM2FGRWF4UHB1U2dnaGZ2WEZXNFVNNExGdVVldG1DUm5McUVTZXBkIiwiaW52aXRhdGlvbl9jb2RlIjoiZ1R6TWhrIiwiaWF0IjoxNzE5NDY4MDQ2LCJleHAiOjE3MjcyNDQwNDYsImp0aSI6InNvbmljX2F1dGhfdXNlcl8xMzc4MDMifQ.FFAPVuwSwAWCE6Zja7NEPJFjIAhuVFaDrHjzEwN3HQs"}
2024-06-27 13:00:53 [[32minfo[39m]: Request Body : {"stage":2}
2024-06-27 13:00:53 [[32minfo[39m]: Response : 400 Bad Request
2024-06-27 13:00:53 [[32minfo[39m]: Response Data : {"code":100015,"message":"interact rewards already claimed","status":"fail","data":null}
2024-06-27 13:00:53 [[32minfo[39m]: Claiming Tx Milestone Stage 3
2024-06-27 13:00:53 [[32minfo[39m]: POST : https://odyssey-api.sonic.game/user/transactions/rewards/claim
2024-06-27 13:00:53 [[32minfo[39m]: Request Header : {"Accept":"*/*","Accept-Language":"en-GB,en-US;q=0.9,en;q=0.8","Content-Type":"application/json","User-Agent":"Mozilla/5.0 (Linux; Android 10; SM-G973F) AppleWebKit/537.36 (KHTML, like Gecko) Chrome/125.0.6422.113 Mobile Safari/537.36 EdgA/124.0.2478.104","Authorization":"eyJhbGciOiJIUzI1NiIsInR5cCI6IkpXVCJ9.eyJpZCI6MTM3ODAzLCJ3YWxsZXQiOiJrcnJGM2FGRWF4UHB1U2dnaGZ2WEZXNFVNNExGdVVldG1DUm5McUVTZXBkIiwiaW52aXRhdGlvbl9jb2RlIjoiZ1R6TWhrIiwiaWF0IjoxNzE5NDY4MDQ2LCJleHAiOjE3MjcyNDQwNDYsImp0aSI6InNvbmljX2F1dGhfdXNlcl8xMzc4MDMifQ.FFAPVuwSwAWCE6Zja7NEPJFjIAhuVFaDrHjzEwN3HQs"}
2024-06-27 13:00:53 [[32minfo[39m]: Request Body : {"stage":3}
2024-06-27 13:00:53 [[32minfo[39m]: Response : 400 Bad Request
2024-06-27 13:00:53 [[32minfo[39m]: Response Data : {"code":100015,"message":"interact rewards already claimed","status":"fail","data":null}
